This is XeTeX, Version 3.141592653-2.6-0.999994 (TeX Live 2022) (preloaded format=xelatex 2023.1.22)  22 JAN 2023 12:05
entering extended mode
 restricted \write18 enabled.
 %&-line parsing enabled.
**_main.tex
(./_main.tex
LaTeX2e <2022-11-01> patch level 1
L3 programming layer <2023-01-16> (/home/fjcosta/.TinyTeX/texmf-dist/tex/latex/base/book.cls
Document Class: book 2022/07/02 v1.4n Standard LaTeX document class
(/home/fjcosta/.TinyTeX/texmf-dist/tex/latex/base/bk10.clo
File: bk10.clo 2022/07/02 v1.4n Standard LaTeX file (size option)
)
\c@part=\count181
\c@chapter=\count182
\c@section=\count183
\c@subsection=\count184
\c@subsubsection=\count185
\c@paragraph=\count186
\c@subparagraph=\count187
\c@figure=\count188
\c@table=\count189
\abovecaptionskip=\skip48
\belowcaptionskip=\skip49
\bibindent=\dimen140
) (/home/fjcosta/.TinyTeX/texmf-dist/tex/latex/amsmath/amsmath.sty
Package: amsmath 2022/04/08 v2.17n AMS math features
\@mathmargin=\skip50
For additional information on amsmath, use the `?' option.
(/home/fjcosta/.TinyTeX/texmf-dist/tex/latex/amsmath/amstext.sty
Package: amstext 2021/08/26 v2.01 AMS text
(/home/fjcosta/.TinyTeX/texmf-dist/tex/latex/amsmath/amsgen.sty
File: amsgen.sty 1999/11/30 v2.0 generic functions
\@emptytoks=\toks16
\ex@=\dimen141
)) (/home/fjcosta/.TinyTeX/texmf-dist/tex/latex/amsmath/amsbsy.sty
Package: amsbsy 1999/11/29 v1.2d Bold Symbols
\pmbraise@=\dimen142
) (/home/fjcosta/.TinyTeX/texmf-dist/tex/latex/amsmath/amsopn.sty
Package: amsopn 2022/04/08 v2.04 operator names
)
\inf@bad=\count190
LaTeX Info: Redefining \frac on input line 234.
\uproot@=\count191
\leftroot@=\count192
LaTeX Info: Redefining \overline on input line 399.
LaTeX Info: Redefining \colon on input line 410.
\classnum@=\count193
\DOTSCASE@=\count194
LaTeX Info: Redefining \ldots on input line 496.
LaTeX Info: Redefining \dots on input line 499.
LaTeX Info: Redefining \cdots on input line 620.
\Mathstrutbox@=\box51
\strutbox@=\box52
LaTeX Info: Redefining \big on input line 722.
LaTeX Info: Redefining \Big on input line 723.
LaTeX Info: Redefining \bigg on input line 724.
LaTeX Info: Redefining \Bigg on input line 725.
\big@size=\dimen143
LaTeX Font Info:    Redeclaring font encoding OML on input line 743.
LaTeX Font Info:    Redeclaring font encoding OMS on input line 744.
\macc@depth=\count195
LaTeX Info: Redefining \bmod on input line 905.
LaTeX Info: Redefining \pmod on input line 910.
LaTeX Info: Redefining \smash on input line 940.
LaTeX Info: Redefining \relbar on input line 970.
LaTeX Info: Redefining \Relbar on input line 971.
\c@MaxMatrixCols=\count196
\dotsspace@=\muskip16
\c@parentequation=\count197
\dspbrk@lvl=\count198
\tag@help=\toks17
\row@=\count199
\column@=\count266
\maxfields@=\count267
\andhelp@=\toks18
\eqnshift@=\dimen144
\alignsep@=\dimen145
\tagshift@=\dimen146
\tagwidth@=\dimen147
\totwidth@=\dimen148
\lineht@=\dimen149
\@envbody=\toks19
\multlinegap=\skip51
\multlinetaggap=\skip52
\mathdisplay@stack=\toks20
LaTeX Info: Redefining \[ on input line 2953.
LaTeX Info: Redefining \] on input line 2954.
) (/home/fjcosta/.TinyTeX/texmf-dist/tex/latex/amsfonts/amssymb.sty
Package: amssymb 2013/01/14 v3.01 AMS font symbols
(/home/fjcosta/.TinyTeX/texmf-dist/tex/latex/amsfonts/amsfonts.sty
Package: amsfonts 2013/01/14 v3.01 Basic AMSFonts support
\symAMSa=\mathgroup4
\symAMSb=\mathgroup5
LaTeX Font Info:    Redeclaring math symbol \hbar on input line 98.
LaTeX Font Info:    Overwriting math alphabet `\mathfrak' in version `bold'
(Font)                  U/euf/m/n --> U/euf/b/n on input line 106.
)) (/home/fjcosta/.TinyTeX/texmf-dist/tex/latex/lm/lmodern.sty
Package: lmodern 2015/05/01 v1.6.1 Latin Modern Fonts
LaTeX Font Info:    Overwriting symbol font `operators' in version `normal'
(Font)                  OT1/cmr/m/n --> OT1/lmr/m/n on input line 22.
LaTeX Font Info:    Overwriting symbol font `letters' in version `normal'
(Font)                  OML/cmm/m/it --> OML/lmm/m/it on input line 23.
LaTeX Font Info:    Overwriting symbol font `symbols' in version `normal'
(Font)                  OMS/cmsy/m/n --> OMS/lmsy/m/n on input line 24.
LaTeX Font Info:    Overwriting symbol font `largesymbols' in version `normal'
(Font)                  OMX/cmex/m/n --> OMX/lmex/m/n on input line 25.
LaTeX Font Info:    Overwriting symbol font `operators' in version `bold'
(Font)                  OT1/cmr/bx/n --> OT1/lmr/bx/n on input line 26.
LaTeX Font Info:    Overwriting symbol font `letters' in version `bold'
(Font)                  OML/cmm/b/it --> OML/lmm/b/it on input line 27.
LaTeX Font Info:    Overwriting symbol font `symbols' in version `bold'
(Font)                  OMS/cmsy/b/n --> OMS/lmsy/b/n on input line 28.
LaTeX Font Info:    Overwriting symbol font `largesymbols' in version `bold'
(Font)                  OMX/cmex/m/n --> OMX/lmex/m/n on input line 29.
LaTeX Font Info:    Overwriting math alphabet `\mathbf' in version `normal'
(Font)                  OT1/cmr/bx/n --> OT1/lmr/bx/n on input line 31.
LaTeX Font Info:    Overwriting math alphabet `\mathsf' in version `normal'
(Font)                  OT1/cmss/m/n --> OT1/lmss/m/n on input line 32.
LaTeX Font Info:    Overwriting math alphabet `\mathit' in version `normal'
(Font)                  OT1/cmr/m/it --> OT1/lmr/m/it on input line 33.
LaTeX Font Info:    Overwriting math alphabet `\mathtt' in version `normal'
(Font)                  OT1/cmtt/m/n --> OT1/lmtt/m/n on input line 34.
LaTeX Font Info:    Overwriting math alphabet `\mathbf' in version `bold'
(Font)                  OT1/cmr/bx/n --> OT1/lmr/bx/n on input line 35.
LaTeX Font Info:    Overwriting math alphabet `\mathsf' in version `bold'
(Font)                  OT1/cmss/bx/n --> OT1/lmss/bx/n on input line 36.
LaTeX Font Info:    Overwriting math alphabet `\mathit' in version `bold'
(Font)                  OT1/cmr/bx/it --> OT1/lmr/bx/it on input line 37.
LaTeX Font Info:    Overwriting math alphabet `\mathtt' in version `bold'
(Font)                  OT1/cmtt/m/n --> OT1/lmtt/m/n on input line 38.
) (/home/fjcosta/.TinyTeX/texmf-dist/tex/generic/iftex/iftex.sty
Package: iftex 2022/02/03 v1.0f TeX engine tests
) (/home/fjcosta/.TinyTeX/texmf-dist/tex/latex/unicode-math/unicode-math.sty (/home/fjcosta/.TinyTeX/texmf-dist/tex/latex/l3kernel/expl3.sty
Package: expl3 2023-01-16 L3 programming layer (loader) 
(/home/fjcosta/.TinyTeX/texmf-dist/tex/latex/l3backend/l3backend-xetex.def
File: l3backend-xetex.def 2023-01-16 L3 backend support: XeTeX
\g__graphics_track_int=\count268
\l__pdf_internal_box=\box53
\g__pdf_backend_object_int=\count269
\g__pdf_backend_annotation_int=\count270
\g__pdf_backend_link_int=\count271
))
Package: unicode-math 2020/01/31 v0.8q Unicode maths in XeLaTeX and LuaLaTeX
(/home/fjcosta/.TinyTeX/texmf-dist/tex/latex/unicode-math/unicode-math-xetex.sty
Package: unicode-math-xetex 2020/01/31 v0.8q Unicode maths in XeLaTeX and LuaLaTeX
(/home/fjcosta/.TinyTeX/texmf-dist/tex/latex/l3packages/xparse/xparse.sty
Package: xparse 2023-01-16 L3 Experimental document command parser
) (/home/fjcosta/.TinyTeX/texmf-dist/tex/latex/l3packages/l3keys2e/l3keys2e.sty
Package: l3keys2e 2023-01-16 LaTeX2e option processing using LaTeX3 keys
) (/home/fjcosta/.TinyTeX/texmf-dist/tex/latex/fontspec/fontspec.sty
Package: fontspec 2022/01/15 v2.8a Font selection for XeLaTeX and LuaLaTeX
(/home/fjcosta/.TinyTeX/texmf-dist/tex/latex/fontspec/fontspec-xetex.sty
Package: fontspec-xetex 2022/01/15 v2.8a Font selection for XeLaTeX and LuaLaTeX
\l__fontspec_script_int=\count272
\l__fontspec_language_int=\count273
\l__fontspec_strnum_int=\count274
\l__fontspec_tmp_int=\count275
\l__fontspec_tmpa_int=\count276
\l__fontspec_tmpb_int=\count277
\l__fontspec_tmpc_int=\count278
\l__fontspec_em_int=\count279
\l__fontspec_emdef_int=\count280
\l__fontspec_strong_int=\count281
\l__fontspec_strongdef_int=\count282
\l__fontspec_tmpa_dim=\dimen150
\l__fontspec_tmpb_dim=\dimen151
\l__fontspec_tmpc_dim=\dimen152
(/home/fjcosta/.TinyTeX/texmf-dist/tex/latex/base/fontenc.sty
Package: fontenc 2021/04/29 v2.0v Standard LaTeX package
) (/home/fjcosta/.TinyTeX/texmf-dist/tex/latex/fontspec/fontspec.cfg))) (/home/fjcosta/.TinyTeX/texmf-dist/tex/latex/base/fix-cm.sty
Package: fix-cm 2020/11/24 v1.1t fixes to LaTeX
(/home/fjcosta/.TinyTeX/texmf-dist/tex/latex/base/ts1enc.def
File: ts1enc.def 2001/06/05 v3.0e (jk/car/fm) Standard LaTeX file
LaTeX Font Info:    Redeclaring font encoding TS1 on input line 47.
))
\g__um_fam_int=\count283
\g__um_fonts_used_int=\count284
\l__um_primecount_int=\count285
\g__um_primekern_muskip=\muskip17
(/home/fjcosta/.TinyTeX/texmf-dist/tex/latex/unicode-math/unicode-math-table.tex))) (/home/fjcosta/.TinyTeX/texmf-dist/tex/latex/xcolor/xcolor.sty
Package: xcolor 2022/06/12 v2.14 LaTeX color extensions (UK)
(/home/fjcosta/.TinyTeX/texmf-dist/tex/latex/graphics-cfg/color.cfg
File: color.cfg 2016/01/02 v1.6 sample color configuration
)
Package xcolor Info: Driver file: xetex.def on input line 227.
(/home/fjcosta/.TinyTeX/texmf-dist/tex/latex/graphics-def/xetex.def
File: xetex.def 2022/09/22 v5.0n Graphics/color driver for xetex
) (/home/fjcosta/.TinyTeX/texmf-dist/tex/latex/graphics/mathcolor.ltx)
Package xcolor Info: Model `cmy' substituted by `cmy0' on input line 1353.
Package xcolor Info: Model `RGB' extended on input line 1369.
Package xcolor Info: Model `HTML' substituted by `rgb' on input line 1371.
Package xcolor Info: Model `Hsb' substituted by `hsb' on input line 1372.
Package xcolor Info: Model `tHsb' substituted by `hsb' on input line 1373.
Package xcolor Info: Model `HSB' substituted by `hsb' on input line 1374.
Package xcolor Info: Model `Gray' substituted by `gray' on input line 1375.
Package xcolor Info: Model `wave' substituted by `hsb' on input line 1376.
) (/home/fjcosta/.TinyTeX/texmf-dist/tex/latex/fancyvrb/fancyvrb.sty
Package: fancyvrb 2023/01/19 4.5a verbatim text (tvz,hv)
(/home/fjcosta/.TinyTeX/texmf-dist/tex/latex/graphics/keyval.sty
Package: keyval 2022/05/29 v1.15 key=value parser (DPC)
\KV@toks@=\toks21
)
\FV@CodeLineNo=\count286
\FV@InFile=\read2
\FV@TabBox=\box54
\c@FancyVerbLine=\count287
\FV@StepNumber=\count288
\FV@OutFile=\write3
) (/home/fjcosta/.TinyTeX/texmf-dist/tex/latex/framed/framed.sty
Package: framed 2011/10/22 v 0.96: framed or shaded text with page breaks
\OuterFrameSep=\skip53
\fb@frw=\dimen153
\fb@frh=\dimen154
\FrameRule=\dimen155
\FrameSep=\dimen156
) (/home/fjcosta/.TinyTeX/texmf-dist/tex/latex/tools/longtable.sty
Package: longtable 2021-09-01 v4.17 Multi-page Table package (DPC)
\LTleft=\skip54
\LTright=\skip55
\LTpre=\skip56
\LTpost=\skip57
\LTchunksize=\count289
\LTcapwidth=\dimen157
\LT@head=\box55
\LT@firsthead=\box56
\LT@foot=\box57
\LT@lastfoot=\box58
\LT@gbox=\box59
\LT@cols=\count290
\LT@rows=\count291
\c@LT@tables=\count292
\c@LT@chunks=\count293
\LT@p@ftn=\toks22
) (/home/fjcosta/.TinyTeX/texmf-dist/tex/latex/booktabs/booktabs.sty
Package: booktabs 2020/01/12 v1.61803398 Publication quality tables
\heavyrulewidth=\dimen158
\lightrulewidth=\dimen159
\cmidrulewidth=\dimen160
\belowrulesep=\dimen161
\belowbottomsep=\dimen162
\aboverulesep=\dimen163
\abovetopsep=\dimen164
\cmidrulesep=\dimen165
\cmidrulekern=\dimen166
\defaultaddspace=\dimen167
\@cmidla=\count294
\@cmidlb=\count295
\@aboverulesep=\dimen168
\@belowrulesep=\dimen169
\@thisruleclass=\count296
\@lastruleclass=\count297
\@thisrulewidth=\dimen170
) (/home/fjcosta/.TinyTeX/texmf-dist/tex/latex/tools/array.sty
Package: array 2022/09/04 v2.5g Tabular extension package (FMi)
\col@sep=\dimen171
\ar@mcellbox=\box60
\extrarowheight=\dimen172
\NC@list=\toks23
\extratabsurround=\skip58
\backup@length=\skip59
\ar@cellbox=\box61
) (/home/fjcosta/.TinyTeX/texmf-dist/tex/latex/tools/calc.sty
Package: calc 2017/05/25 v4.3 Infix arithmetic (KKT,FJ)
\calc@Acount=\count298
\calc@Bcount=\count299
\calc@Adimen=\dimen173
\calc@Bdimen=\dimen174
\calc@Askip=\skip60
\calc@Bskip=\skip61
LaTeX Info: Redefining \setlength on input line 80.
LaTeX Info: Redefining \addtolength on input line 81.
\calc@Ccount=\count300
\calc@Cskip=\skip62
) (/home/fjcosta/.TinyTeX/texmf-dist/tex/latex/etoolbox/etoolbox.sty
Package: etoolbox 2020/10/05 v2.5k e-TeX tools for LaTeX (JAW)
\etb@tempcnta=\count301
) (/home/fjcosta/.TinyTeX/texmf-dist/tex/latex/mdwtools/footnote.sty
Package: footnote 1997/01/28 1.13 Save footnotes around boxes
\fn@notes=\box62
\fn@width=\dimen175
) (/home/fjcosta/.TinyTeX/texmf-dist/tex/latex/graphics/graphicx.sty
Package: graphicx 2021/09/16 v1.2d Enhanced LaTeX Graphics (DPC,SPQR)
(/home/fjcosta/.TinyTeX/texmf-dist/tex/latex/graphics/graphics.sty
Package: graphics 2022/03/10 v1.4e Standard LaTeX Graphics (DPC,SPQR)
(/home/fjcosta/.TinyTeX/texmf-dist/tex/latex/graphics/trig.sty
Package: trig 2021/08/11 v1.11 sin cos tan (DPC)
) (/home/fjcosta/.TinyTeX/texmf-dist/tex/latex/graphics-cfg/graphics.cfg
File: graphics.cfg 2016/06/04 v1.11 sample graphics configuration
)
Package graphics Info: Driver file: xetex.def on input line 107.
)
\Gin@req@height=\dimen176
\Gin@req@width=\dimen177
) (/home/fjcosta/.TinyTeX/texmf-dist/tex/latex/multirow/multirow.sty
Package: multirow 2021/03/15 v2.8 Span multiple rows of a table
\multirow@colwidth=\skip63
\multirow@cntb=\count302
\multirow@dima=\skip64
\bigstrutjot=\dimen178
) (/home/fjcosta/.TinyTeX/texmf-dist/tex/latex/wrapfig/wrapfig.sty
\wrapoverhang=\dimen179
\WF@size=\dimen180
\c@WF@wrappedlines=\count303
\WF@box=\box63
\WF@everypar=\toks24
Package: wrapfig 2003/01/31  v 3.6
) (/home/fjcosta/.TinyTeX/texmf-dist/tex/latex/float/float.sty
Package: float 2001/11/08 v1.3d Float enhancements (AL)
\c@float@type=\count304
\float@exts=\toks25
\float@box=\box64
\@float@everytoks=\toks26
\@floatcapt=\box65
) (/home/fjcosta/.TinyTeX/texmf-dist/tex/latex/colortbl/colortbl.sty
Package: colortbl 2022/06/20 v1.0f Color table columns (DPC)
\everycr=\toks27
\minrowclearance=\skip65
\rownum=\count305
) (/home/fjcosta/.TinyTeX/texmf-dist/tex/latex/pdflscape/pdflscape.sty
Package: pdflscape 2022-10-27 v0.13 Display of landscape pages in PDF
(/home/fjcosta/.TinyTeX/texmf-dist/tex/latex/pdflscape/pdflscape-nometadata.sty
Package: pdflscape-nometadata 2022-10-28 v0.13 Display of landscape pages in PDF (HO)
(/home/fjcosta/.TinyTeX/texmf-dist/tex/latex/graphics/lscape.sty
Package: lscape 2020/05/28 v3.02 Landscape Pages (DPC)
)
Package pdflscape Info: Auto-detected driver: dvipdfm (xetex) on input line 98.
)) (/home/fjcosta/.TinyTeX/texmf-dist/tex/latex/tabu/tabu.sty
Package: tabu 2019/01/11 v2.9 - flexible LaTeX tabulars (FC+tabu-fixed)
(/home/fjcosta/.TinyTeX/texmf-dist/tex/latex/varwidth/varwidth.sty
Package: varwidth 2009/03/30 ver 0.92;  Variable-width minipages
\@vwid@box=\box66
\sift@deathcycles=\count306
\@vwid@loff=\dimen181
\@vwid@roff=\dimen182
)
\c@taburow=\count307
\tabu@nbcols=\count308
\tabu@cnt=\count309
\tabu@Xcol=\count310
\tabu@alloc=\count311
\tabu@nested=\count312
\tabu@target=\dimen183
\tabu@spreadtarget=\dimen184
\tabu@naturalX=\dimen185
\tabucolX=\dimen186
\tabu@Xsum=\dimen187
\extrarowdepth=\dimen188
\abovetabulinesep=\dimen189
\belowtabulinesep=\dimen190
\tabustrutrule=\dimen191
\tabu@thebody=\toks28
\tabu@footnotes=\toks29
\tabu@box=\box67
\tabu@arstrutbox=\box68
\tabu@hleads=\box69
\tabu@vleads=\box70
\tabu@cellskip=\skip66
) (/home/fjcosta/.TinyTeX/texmf-dist/tex/latex/threeparttable/threeparttable.sty
Package: threeparttable 2003/06/13  v 3.0
\@tempboxb=\box71
) (/home/fjcosta/.TinyTeX/texmf-dist/tex/latex/threeparttablex/threeparttablex.sty
Package: threeparttablex 2013/07/23 v0.3 by daleif
(/home/fjcosta/.TinyTeX/texmf-dist/tex/latex/environ/environ.sty
Package: environ 2014/05/04 v0.3 A new way to define environments
(/home/fjcosta/.TinyTeX/texmf-dist/tex/latex/trimspaces/trimspaces.sty
Package: trimspaces 2009/09/17 v1.1 Trim spaces around a token list
))
\TPTL@width=\skip67
) (/home/fjcosta/.TinyTeX/texmf-dist/tex/generic/ulem/ulem.sty
\UL@box=\box72
\UL@hyphenbox=\box73
\UL@skip=\skip68
\UL@hook=\toks30
\UL@height=\dimen192
\UL@pe=\count313
\UL@pixel=\dimen193
\ULC@box=\box74
Package: ulem 2019/11/18
\ULdepth=\dimen194
) (/home/fjcosta/.TinyTeX/texmf-dist/tex/latex/makecell/makecell.sty
Package: makecell 2009/08/03 V0.1e Managing of Tab Column Heads and Cells
\rotheadsize=\dimen195
\c@nlinenum=\count314
\TeXr@lab=\toks31
) (/home/fjcosta/.TinyTeX/texmf-dist/tex/latex/titling/titling.sty
Package: titling 2009/09/04 v2.1d maketitle typesetting
\thanksmarkwidth=\skip69
\thanksmargin=\skip70
\droptitle=\skip71
) (/home/fjcosta/.TinyTeX/texmf-dist/tex/latex/pdfpages/pdfpages.sty
Package: pdfpages 2022/12/19 v0.5x Insert pages of external PDF documents (AM)
(/home/fjcosta/.TinyTeX/texmf-dist/tex/latex/base/ifthen.sty
Package: ifthen 2022/04/13 v1.1d Standard LaTeX ifthen package (DPC)
) (/home/fjcosta/.TinyTeX/texmf-dist/tex/latex/eso-pic/eso-pic.sty
Package: eso-pic 2020/10/14 v3.0a eso-pic (RN)
\ESO@tempdima=\dimen196
\ESO@tempdimb=\dimen197
)
\AM@pagewidth=\dimen198
\AM@pageheight=\dimen199
\AM@fboxrule=\dimen256
(/home/fjcosta/.TinyTeX/texmf-dist/tex/latex/pdfpages/ppxetex.def
File: ppxetex.def 2022/12/19 v0.5x Pdfpages driver for XeTeX (AM)
)
\pdfpages@includegraphics@status=\count315
\AM@pagebox=\box75
\AM@global@opts=\toks32
\AM@pagecnt=\count316
\AM@toc@title=\toks33
\AM@lof@heading=\toks34
\c@AM@survey=\count317
\AM@templatesizebox=\box76
) (/home/fjcosta/.TinyTeX/texmf-dist/tex/latex/base/atbegshi-ltx.sty
Package: atbegshi-ltx 2021/01/10 v1.0c Emulation of the original atbegshi
package with kernel methods
) (/home/fjcosta/.TinyTeX/texmf-dist/tex/latex/natbib/natbib.sty
Package: natbib 2010/09/13 8.31b (PWD, AO)
\bibhang=\skip72
\bibsep=\skip73
LaTeX Info: Redefining \cite on input line 694.
\c@NAT@ctr=\count318
) (/home/fjcosta/.TinyTeX/texmf-dist/tex/latex/hyperref/hyperref.sty
Package: hyperref 2022-11-13 v7.00u Hypertext links for LaTeX
(/home/fjcosta/.TinyTeX/texmf-dist/tex/generic/ltxcmds/ltxcmds.sty
Package: ltxcmds 2020-05-10 v1.25 LaTeX kernel commands for general use (HO)
) (/home/fjcosta/.TinyTeX/texmf-dist/tex/generic/pdftexcmds/pdftexcmds.sty
Package: pdftexcmds 2020-06-27 v0.33 Utility functions of pdfTeX for LuaTeX (HO)
(/home/fjcosta/.TinyTeX/texmf-dist/tex/generic/infwarerr/infwarerr.sty
Package: infwarerr 2019/12/03 v1.5 Providing info/warning/error messages (HO)
)
Package pdftexcmds Info: \pdf@primitive is available.
Package pdftexcmds Info: \pdf@ifprimitive is available.
Package pdftexcmds Info: \pdfdraftmode not found.
) (/home/fjcosta/.TinyTeX/texmf-dist/tex/latex/kvsetkeys/kvsetkeys.sty
Package: kvsetkeys 2022-10-05 v1.19 Key value parser (HO)
) (/home/fjcosta/.TinyTeX/texmf-dist/tex/generic/kvdefinekeys/kvdefinekeys.sty
Package: kvdefinekeys 2019-12-19 v1.6 Define keys (HO)
) (/home/fjcosta/.TinyTeX/texmf-dist/tex/generic/pdfescape/pdfescape.sty
Package: pdfescape 2019/12/09 v1.15 Implements pdfTeX's escape features (HO)
) (/home/fjcosta/.TinyTeX/texmf-dist/tex/latex/hycolor/hycolor.sty
Package: hycolor 2020-01-27 v1.10 Color options for hyperref/bookmark (HO)
) (/home/fjcosta/.TinyTeX/texmf-dist/tex/latex/letltxmacro/letltxmacro.sty
Package: letltxmacro 2019/12/03 v1.6 Let assignment for LaTeX macros (HO)
) (/home/fjcosta/.TinyTeX/texmf-dist/tex/latex/auxhook/auxhook.sty
Package: auxhook 2019-12-17 v1.6 Hooks for auxiliary files (HO)
) (/home/fjcosta/.TinyTeX/texmf-dist/tex/latex/hyperref/nameref.sty
Package: nameref 2022-05-17 v2.50 Cross-referencing by name of section
(/home/fjcosta/.TinyTeX/texmf-dist/tex/latex/refcount/refcount.sty
Package: refcount 2019/12/15 v3.6 Data extraction from label references (HO)
) (/home/fjcosta/.TinyTeX/texmf-dist/tex/generic/gettitlestring/gettitlestring.sty
Package: gettitlestring 2019/12/15 v1.6 Cleanup title references (HO)
(/home/fjcosta/.TinyTeX/texmf-dist/tex/latex/kvoptions/kvoptions.sty
Package: kvoptions 2022-06-15 v3.15 Key value format for package options (HO)
))
\c@section@level=\count319
)
\@linkdim=\dimen257
\Hy@linkcounter=\count320
\Hy@pagecounter=\count321
(/home/fjcosta/.TinyTeX/texmf-dist/tex/latex/hyperref/pd1enc.def
File: pd1enc.def 2022-11-13 v7.00u Hyperref: PDFDocEncoding definition (HO)
) (/home/fjcosta/.TinyTeX/texmf-dist/tex/generic/intcalc/intcalc.sty
Package: intcalc 2019/12/15 v1.3 Expandable calculations with integers (HO)
) (/home/fjcosta/.TinyTeX/texmf-dist/tex/generic/etexcmds/etexcmds.sty
Package: etexcmds 2019/12/15 v1.7 Avoid name clashes with e-TeX commands (HO)
)
\Hy@SavedSpaceFactor=\count322
(/home/fjcosta/.TinyTeX/texmf-dist/tex/latex/hyperref/puenc.def
File: puenc.def 2022-11-13 v7.00u Hyperref: PDF Unicode definition (HO)
)
Package hyperref Info: Option `unicode' set `true' on input line 4045.
Package hyperref Info: Hyper figures OFF on input line 4162.
Package hyperref Info: Link nesting OFF on input line 4167.
Package hyperref Info: Hyper index ON on input line 4170.
Package hyperref Info: Plain pages OFF on input line 4177.
Package hyperref Info: Backreferencing OFF on input line 4182.
Package hyperref Info: Implicit mode ON; LaTeX internals redefined.
Package hyperref Info: Bookmarks ON on input line 4410.
\c@Hy@tempcnt=\count323
(/home/fjcosta/.TinyTeX/texmf-dist/tex/latex/url/url.sty
\Urlmuskip=\muskip18
Package: url 2013/09/16  ver 3.4  Verb mode for urls, etc.
)
LaTeX Info: Redefining \url on input line 4748.
\XeTeXLinkMargin=\dimen258
(/home/fjcosta/.TinyTeX/texmf-dist/tex/generic/bitset/bitset.sty
Package: bitset 2019/12/09 v1.3 Handle bit-vector datatype (HO)
(/home/fjcosta/.TinyTeX/texmf-dist/tex/generic/bigintcalc/bigintcalc.sty
Package: bigintcalc 2019/12/15 v1.5 Expandable calculations on big integers (HO)
))
\Fld@menulength=\count324
\Field@Width=\dimen259
\Fld@charsize=\dimen260
Package hyperref Info: Hyper figures OFF on input line 6027.
Package hyperref Info: Link nesting OFF on input line 6032.
Package hyperref Info: Hyper index ON on input line 6035.
Package hyperref Info: backreferencing OFF on input line 6042.
Package hyperref Info: Link coloring OFF on input line 6047.
Package hyperref Info: Link coloring with OCG OFF on input line 6052.
Package hyperref Info: PDF/A mode OFF on input line 6057.
\Hy@abspage=\count325
\c@Item=\count326
\c@Hfootnote=\count327
)
Package hyperref Info: Driver (autodetected): hxetex.
(/home/fjcosta/.TinyTeX/texmf-dist/tex/latex/hyperref/hxetex.def
File: hxetex.def 2022-11-13 v7.00u Hyperref driver for XeTeX
(/home/fjcosta/.TinyTeX/texmf-dist/tex/generic/stringenc/stringenc.sty
Package: stringenc 2019/11/29 v1.12 Convert strings between diff. encodings (HO)
)
\pdfm@box=\box77
\c@Hy@AnnotLevel=\count328
\HyField@AnnotCount=\count329
\Fld@listcount=\count330
\c@bookmark@seq@number=\count331
(/home/fjcosta/.TinyTeX/texmf-dist/tex/latex/rerunfilecheck/rerunfilecheck.sty
Package: rerunfilecheck 2022-07-10 v1.10 Rerun checks for auxiliary files (HO)
(/home/fjcosta/.TinyTeX/texmf-dist/tex/latex/base/atveryend-ltx.sty
Package: atveryend-ltx 2020/08/19 v1.0a Emulation of the original atveryend package
with kernel methods
) (/home/fjcosta/.TinyTeX/texmf-dist/tex/generic/uniquecounter/uniquecounter.sty
Package: uniquecounter 2019/12/15 v1.4 Provide unlimited unique counter (HO)
)
Package uniquecounter Info: New unique counter `rerunfilecheck' on input line 285.
)
\Hy@SectionHShift=\skip74
) (./_main.aux

LaTeX Warning: Label `tab:independentSamplesT-Test' multiply defined.


LaTeX Warning: Label `tab:independentSamplesT-Test' multiply defined.

)
\openout1 = `_main.aux'.

LaTeX Font Info:    Checking defaults for OML/cmm/m/it on input line 157.
LaTeX Font Info:    ... okay on input line 157.
LaTeX Font Info:    Checking defaults for OMS/cmsy/m/n on input line 157.
LaTeX Font Info:    ... okay on input line 157.
LaTeX Font Info:    Checking defaults for OT1/cmr/m/n on input line 157.
LaTeX Font Info:    ... okay on input line 157.
LaTeX Font Info:    Checking defaults for T1/cmr/m/n on input line 157.
LaTeX Font Info:    ... okay on input line 157.
LaTeX Font Info:    Checking defaults for TS1/cmr/m/n on input line 157.
LaTeX Font Info:    ... okay on input line 157.
LaTeX Font Info:    Checking defaults for TU/lmr/m/n on input line 157.
LaTeX Font Info:    ... okay on input line 157.
LaTeX Font Info:    Checking defaults for OMX/cmex/m/n on input line 157.
LaTeX Font Info:    ... okay on input line 157.
LaTeX Font Info:    Checking defaults for U/cmr/m/n on input line 157.
LaTeX Font Info:    ... okay on input line 157.
LaTeX Font Info:    Checking defaults for PD1/pdf/m/n on input line 157.
LaTeX Font Info:    ... okay on input line 157.
LaTeX Font Info:    Checking defaults for PU/pdf/m/n on input line 157.
LaTeX Font Info:    ... okay on input line 157.
LaTeX Font Info:    Overwriting math alphabet `\mathrm' in version `normal'
(Font)                  OT1/lmr/m/n --> TU/lmr/m/n on input line 157.
LaTeX Font Info:    Overwriting math alphabet `\mathit' in version `normal'
(Font)                  OT1/lmr/m/it --> TU/lmr/m/it on input line 157.
LaTeX Font Info:    Overwriting math alphabet `\mathbf' in version `normal'
(Font)                  OT1/lmr/bx/n --> TU/lmr/bx/n on input line 157.
LaTeX Font Info:    Overwriting math alphabet `\mathsf' in version `normal'
(Font)                  OT1/lmss/m/n --> TU/lmss/m/n on input line 157.
LaTeX Font Info:    Overwriting math alphabet `\mathsf' in version `bold'
(Font)                  OT1/lmss/bx/n --> TU/lmss/bx/n on input line 157.
LaTeX Font Info:    Overwriting math alphabet `\mathtt' in version `normal'
(Font)                  OT1/lmtt/m/n --> TU/lmtt/m/n on input line 157.
LaTeX Font Info:    Overwriting math alphabet `\mathtt' in version `bold'
(Font)                  OT1/lmtt/m/n --> TU/lmtt/bx/n on input line 157.

Package fontspec Info: latinmodern-math scale = 0.9999964596882403.


Package fontspec Info: latinmodern-math scale = 0.9999964596882403.


Package fontspec Info: latinmodern-math scale = 0.9999964596882403.


Package fontspec Info: Font family 'latinmodern-math.otf(0)' created for font
(fontspec)             'latinmodern-math.otf' with options
(fontspec)             [Scale=MatchLowercase,BoldItalicFont={},ItalicFont={},SmallCapsFont={},Script=Math,BoldFont={latinmodern-math.otf}].
(fontspec)              
(fontspec)              This font family consists of the following NFSS
(fontspec)             series/shapes:
(fontspec)              
(fontspec)             - 'normal' (m/n) with NFSS spec.:
(fontspec)             <->s*[0.9999964596882403]"[latinmodern-math.otf]/OT:script=math;language=dflt;"
(fontspec)             - 'small caps'  (m/sc) with NFSS spec.: 
(fontspec)             - 'bold' (b/n) with NFSS spec.:
(fontspec)             <->s*[0.9999964596882403]"[latinmodern-math.otf]/OT:script=math;language=dflt;"
(fontspec)             - 'bold small caps'  (b/sc) with NFSS spec.: 

LaTeX Font Info:    Font shape `TU/latinmodern-math.otf(0)/m/n' will be
(Font)              scaled to size 10.0pt on input line 157.

Package fontspec Info: latinmodern-math scale = 0.9999964596882403.


Package fontspec Info: latinmodern-math scale = 0.9999964596882403.


Package fontspec Info: latinmodern-math scale = 0.9999964596882403.


Package fontspec Info: latinmodern-math scale = 0.9999964596882403.


Package fontspec Info: latinmodern-math scale = 0.9999964596882403.


Package fontspec Info: Font family 'latinmodern-math.otf(1)' created for font
(fontspec)             'latinmodern-math.otf' with options
(fontspec)             [Scale=MatchLowercase,BoldItalicFont={},ItalicFont={},SmallCapsFont={},Script=Math,SizeFeatures={{Size=8.5-},{Size=6-8.5,Font=latinmodern-math.otf,Style=MathScript},{Size=-6,Font=latinmodern-math.otf,Style=MathScriptScript}},BoldFont={latinmodern-math.otf}].
(fontspec)              
(fontspec)              This font family consists of the following NFSS
(fontspec)             series/shapes:
(fontspec)              
(fontspec)             - 'normal' (m/n) with NFSS spec.:
(fontspec)             <8.5->s*[0.9999964596882403]"[latinmodern-math.otf]/OT:script=math;language=dflt;"<6-8.5>s*[0.9999964596882403]"[latinmodern-math.otf]/OT:script=math;language=dflt;+ssty=0;"<-6>s*[0.9999964596882403]"[latinmodern-math.otf]/OT:script=math;language=dflt;+ssty=1;"
(fontspec)             - 'small caps'  (m/sc) with NFSS spec.: 
(fontspec)             - 'bold' (b/n) with NFSS spec.:
(fontspec)             <->s*[0.9999964596882403]"[latinmodern-math.otf]/OT:script=math;language=dflt;"
(fontspec)             - 'bold small caps'  (b/sc) with NFSS spec.: 

LaTeX Font Info:    Font shape `TU/latinmodern-math.otf(1)/m/n' will be
(Font)              scaled to size 10.0pt on input line 157.
LaTeX Font Info:    Encoding `OT1' has changed to `TU' for symbol font
(Font)              `operators' in the math version `normal' on input line 157.
LaTeX Font Info:    Overwriting symbol font `operators' in version `normal'
(Font)                  OT1/lmr/m/n --> TU/latinmodern-math.otf(1)/m/n on input line 157.
LaTeX Font Info:    Encoding `OT1' has changed to `TU' for symbol font
(Font)              `operators' in the math version `bold' on input line 157.
LaTeX Font Info:    Overwriting symbol font `operators' in version `bold'
(Font)                  OT1/lmr/bx/n --> TU/latinmodern-math.otf(1)/b/n on input line 157.

Package fontspec Info: latinmodern-math scale = 0.9999964596882403.


Package fontspec Info: latinmodern-math scale = 1.000096459334209.


Package fontspec Info: latinmodern-math scale = 0.9999964596882403.


Package fontspec Info: latinmodern-math scale = 1.000096459334209.


Package fontspec Info: latinmodern-math scale = 0.9999964596882403.


Package fontspec Info: latinmodern-math scale = 1.000096459334209.


Package fontspec Info: latinmodern-math scale = 0.9999964596882403.


Package fontspec Info: latinmodern-math scale = 1.000096459334209.


Package fontspec Info: latinmodern-math scale = 0.9999964596882403.


Package fontspec Info: latinmodern-math scale = 1.000096459334209.


Package fontspec Info: Font family 'latinmodern-math.otf(2)' created for font
(fontspec)             'latinmodern-math.otf' with options
(fontspec)             [Scale=MatchLowercase,BoldItalicFont={},ItalicFont={},SmallCapsFont={},Script=Math,SizeFeatures={{Size=8.5-},{Size=6-8.5,Font=latinmodern-math.otf,Style=MathScript},{Size=-6,Font=latinmodern-math.otf,Style=MathScriptScript}},BoldFont={latinmodern-math.otf},ScaleAgain=1.0001,FontAdjustment={\fontdimen
(fontspec)             8\font =6.77pt\relax \fontdimen 9\font =3.94pt\relax
(fontspec)             \fontdimen 10\font =4.44pt\relax \fontdimen 11\font
(fontspec)             =6.86pt\relax \fontdimen 12\font =3.45pt\relax
(fontspec)             \fontdimen 13\font =3.63pt\relax \fontdimen 14\font
(fontspec)             =3.63pt\relax \fontdimen 15\font =2.89pt\relax
(fontspec)             \fontdimen 16\font =2.47pt\relax \fontdimen 17\font
(fontspec)             =2.47pt\relax \fontdimen 18\font =2.5pt\relax
(fontspec)             \fontdimen 19\font =2.0pt\relax \fontdimen 22\font
(fontspec)             =2.5pt\relax \fontdimen 20\font =0pt\relax \fontdimen
(fontspec)             21\font =0pt\relax }].
(fontspec)              
(fontspec)              This font family consists of the following NFSS
(fontspec)             series/shapes:
(fontspec)              
(fontspec)             - 'normal' (m/n) with NFSS spec.:
(fontspec)             <8.5->s*[1.000096459334209]"[latinmodern-math.otf]/OT:script=math;language=dflt;"<6-8.5>s*[1.000096459334209]"[latinmodern-math.otf]/OT:script=math;language=dflt;+ssty=0;"<-6>s*[1.000096459334209]"[latinmodern-math.otf]/OT:script=math;language=dflt;+ssty=1;"
(fontspec)             - 'small caps'  (m/sc) with NFSS spec.: 
(fontspec)             and font adjustment code:
(fontspec)             \fontdimen 8\font =6.77pt\relax \fontdimen 9\font
(fontspec)             =3.94pt\relax \fontdimen 10\font =4.44pt\relax
(fontspec)             \fontdimen 11\font =6.86pt\relax \fontdimen 12\font
(fontspec)             =3.45pt\relax \fontdimen 13\font =3.63pt\relax
(fontspec)             \fontdimen 14\font =3.63pt\relax \fontdimen 15\font
(fontspec)             =2.89pt\relax \fontdimen 16\font =2.47pt\relax
(fontspec)             \fontdimen 17\font =2.47pt\relax \fontdimen 18\font
(fontspec)             =2.5pt\relax \fontdimen 19\font =2.0pt\relax \fontdimen
(fontspec)             22\font =2.5pt\relax \fontdimen 20\font =0pt\relax
(fontspec)             \fontdimen 21\font =0pt\relax 
(fontspec)             - 'bold' (b/n) with NFSS spec.:
(fontspec)             <->s*[1.000096459334209]"[latinmodern-math.otf]/OT:script=math;language=dflt;"
(fontspec)             - 'bold small caps'  (b/sc) with NFSS spec.: 
(fontspec)             and font adjustment code:
(fontspec)             \fontdimen 8\font =6.77pt\relax \fontdimen 9\font
(fontspec)             =3.94pt\relax \fontdimen 10\font =4.44pt\relax
(fontspec)             \fontdimen 11\font =6.86pt\relax \fontdimen 12\font
(fontspec)             =3.45pt\relax \fontdimen 13\font =3.63pt\relax
(fontspec)             \fontdimen 14\font =3.63pt\relax \fontdimen 15\font
(fontspec)             =2.89pt\relax \fontdimen 16\font =2.47pt\relax
(fontspec)             \fontdimen 17\font =2.47pt\relax \fontdimen 18\font
(fontspec)             =2.5pt\relax \fontdimen 19\font =2.0pt\relax \fontdimen
(fontspec)             22\font =2.5pt\relax \fontdimen 20\font =0pt\relax
(fontspec)             \fontdimen 21\font =0pt\relax 

LaTeX Font Info:    Encoding `OMS' has changed to `TU' for symbol font
(Font)              `symbols' in the math version `normal' on input line 157.
LaTeX Font Info:    Overwriting symbol font `symbols' in version `normal'
(Font)                  OMS/lmsy/m/n --> TU/latinmodern-math.otf(2)/m/n on input line 157.
LaTeX Font Info:    Encoding `OMS' has changed to `TU' for symbol font
(Font)              `symbols' in the math version `bold' on input line 157.
LaTeX Font Info:    Overwriting symbol font `symbols' in version `bold'
(Font)                  OMS/lmsy/b/n --> TU/latinmodern-math.otf(2)/b/n on input line 157.

Package fontspec Info: latinmodern-math scale = 0.9999964596882403.


Package fontspec Info: latinmodern-math scale = 0.9998964600422715.


Package fontspec Info: latinmodern-math scale = 0.9999964596882403.


Package fontspec Info: latinmodern-math scale = 0.9998964600422715.


Package fontspec Info: latinmodern-math scale = 0.9999964596882403.


Package fontspec Info: latinmodern-math scale = 0.9998964600422715.


Package fontspec Info: latinmodern-math scale = 0.9999964596882403.


Package fontspec Info: latinmodern-math scale = 0.9998964600422715.


Package fontspec Info: latinmodern-math scale = 0.9999964596882403.


Package fontspec Info: latinmodern-math scale = 0.9998964600422715.


Package fontspec Info: Font family 'latinmodern-math.otf(3)' created for font
(fontspec)             'latinmodern-math.otf' with options
(fontspec)             [Scale=MatchLowercase,BoldItalicFont={},ItalicFont={},SmallCapsFont={},Script=Math,SizeFeatures={{Size=8.5-},{Size=6-8.5,Font=latinmodern-math.otf,Style=MathScript},{Size=-6,Font=latinmodern-math.otf,Style=MathScriptScript}},BoldFont={latinmodern-math.otf},ScaleAgain=0.9999,FontAdjustment={\fontdimen
(fontspec)             8\font =0.4pt\relax \fontdimen 9\font =2.0pt\relax
(fontspec)             \fontdimen 10\font =1.67pt\relax \fontdimen 11\font
(fontspec)             =1.11pt\relax \fontdimen 12\font =6.0pt\relax
(fontspec)             \fontdimen 13\font =0pt\relax }].
(fontspec)              
(fontspec)              This font family consists of the following NFSS
(fontspec)             series/shapes:
(fontspec)              
(fontspec)             - 'normal' (m/n) with NFSS spec.:
(fontspec)             <8.5->s*[0.9998964600422715]"[latinmodern-math.otf]/OT:script=math;language=dflt;"<6-8.5>s*[0.9998964600422715]"[latinmodern-math.otf]/OT:script=math;language=dflt;+ssty=0;"<-6>s*[0.9998964600422715]"[latinmodern-math.otf]/OT:script=math;language=dflt;+ssty=1;"
(fontspec)             - 'small caps'  (m/sc) with NFSS spec.: 
(fontspec)             and font adjustment code:
(fontspec)             \fontdimen 8\font =0.4pt\relax \fontdimen 9\font
(fontspec)             =2.0pt\relax \fontdimen 10\font =1.67pt\relax
(fontspec)             \fontdimen 11\font =1.11pt\relax \fontdimen 12\font
(fontspec)             =6.0pt\relax \fontdimen 13\font =0pt\relax 
(fontspec)             - 'bold' (b/n) with NFSS spec.:
(fontspec)             <->s*[0.9998964600422715]"[latinmodern-math.otf]/OT:script=math;language=dflt;"
(fontspec)             - 'bold small caps'  (b/sc) with NFSS spec.: 
(fontspec)             and font adjustment code:
(fontspec)             \fontdimen 8\font =0.4pt\relax \fontdimen 9\font
(fontspec)             =2.0pt\relax \fontdimen 10\font =1.67pt\relax
(fontspec)             \fontdimen 11\font =1.11pt\relax \fontdimen 12\font
(fontspec)             =6.0pt\relax \fontdimen 13\font =0pt\relax 

LaTeX Font Info:    Encoding `OMX' has changed to `TU' for symbol font
(Font)              `largesymbols' in the math version `normal' on input line 157.
LaTeX Font Info:    Overwriting symbol font `largesymbols' in version `normal'
(Font)                  OMX/lmex/m/n --> TU/latinmodern-math.otf(3)/m/n on input line 157.
LaTeX Font Info:    Encoding `OMX' has changed to `TU' for symbol font
(Font)              `largesymbols' in the math version `bold' on input line 157.
LaTeX Font Info:    Overwriting symbol font `largesymbols' in version `bold'
(Font)                  OMX/lmex/m/n --> TU/latinmodern-math.otf(3)/b/n on input line 157.
Package hyperref Info: Link coloring OFF on input line 157.
(./_main.out) (./_main.out)
\@outlinefile=\write4
\openout4 = `_main.out'.

File: images1/logo-uel.png Graphic file (type bmp)
<images1/logo-uel.png>
File: images1/logo-uel.png Graphic file (type bmp)
<images1/logo-uel.png>
LaTeX Info: Completed page discarded.
File: images1/logo-uel.png Graphic file (type bmp)
<images1/logo-uel.png>
File: images1/logo-uel.png Graphic file (type bmp)
<images1/logo-uel.png>
File: images1/logo-uel.png Graphic file (type bmp)
<images1/logo-uel.png>
[2]
LaTeX Font Info:    Font shape `TU/latinmodern-math.otf(1)/m/n' will be
(Font)              scaled to size 12.0pt on input line 159.
LaTeX Font Info:    Font shape `TU/latinmodern-math.otf(1)/m/n' will be
(Font)              scaled to size 8.0pt on input line 159.
LaTeX Font Info:    Font shape `TU/latinmodern-math.otf(1)/m/n' will be
(Font)              scaled to size 6.0pt on input line 159.
LaTeX Font Info:    Trying to load font information for OML+lmm on input line 159.
(/home/fjcosta/.TinyTeX/texmf-dist/tex/latex/lm/omllmm.fd
File: omllmm.fd 2015/05/01 v1.6.1 Font defs for Latin Modern
)
LaTeX Font Info:    Font shape `TU/latinmodern-math.otf(2)/m/n' will be
(Font)              scaled to size 12.0011pt on input line 159.
LaTeX Font Info:    Font shape `TU/latinmodern-math.otf(2)/m/n' will be
(Font)              scaled to size 8.00073pt on input line 159.
LaTeX Font Info:    Font shape `TU/latinmodern-math.otf(2)/m/n' will be
(Font)              scaled to size 6.00055pt on input line 159.
LaTeX Font Info:    Font shape `TU/latinmodern-math.otf(3)/m/n' will be
(Font)              scaled to size 11.99872pt on input line 159.
LaTeX Font Info:    Font shape `TU/latinmodern-math.otf(3)/m/n' will be
(Font)              scaled to size 7.99915pt on input line 159.
LaTeX Font Info:    Font shape `TU/latinmodern-math.otf(3)/m/n' will be
(Font)              scaled to size 5.99936pt on input line 159.
LaTeX Font Info:    Trying to load font information for U+msa on input line 159.
(/home/fjcosta/.TinyTeX/texmf-dist/tex/latex/amsfonts/umsa.fd
File: umsa.fd 2013/01/14 v3.01 AMS symbols A
)
LaTeX Font Info:    Trying to load font information for U+msb on input line 159.
(/home/fjcosta/.TinyTeX/texmf-dist/tex/latex/amsfonts/umsb.fd
File: umsb.fd 2013/01/14 v3.01 AMS symbols B
) [3] [4

] (./_main.toc
LaTeX Font Info:    Font shape `TU/latinmodern-math.otf(1)/m/n' will be
(Font)              scaled to size 7.0pt on input line 3.
LaTeX Font Info:    Font shape `TU/latinmodern-math.otf(1)/m/n' will be
(Font)              scaled to size 5.0pt on input line 3.
LaTeX Font Info:    Font shape `TU/latinmodern-math.otf(2)/m/n' will be
(Font)              scaled to size 10.00092pt on input line 3.
LaTeX Font Info:    Font shape `TU/latinmodern-math.otf(2)/m/n' will be
(Font)              scaled to size 7.00064pt on input line 3.
LaTeX Font Info:    Font shape `TU/latinmodern-math.otf(2)/m/n' will be
(Font)              scaled to size 5.00046pt on input line 3.
LaTeX Font Info:    Font shape `TU/latinmodern-math.otf(3)/m/n' will be
(Font)              scaled to size 9.99893pt on input line 3.
LaTeX Font Info:    Font shape `TU/latinmodern-math.otf(3)/m/n' will be
(Font)              scaled to size 6.99925pt on input line 3.
LaTeX Font Info:    Font shape `TU/latinmodern-math.otf(3)/m/n' will be
(Font)              scaled to size 4.99947pt on input line 3.
[5] [6])
\tf@toc=\write5
\openout5 = `_main.toc'.

[7] [8

] [9] [10

]
Chapter 1.

Underfull \hbox (badness 10000) in paragraph at lines 176--177

 []


Underfull \hbox (badness 10000) in paragraph at lines 183--184

 []

File: images1/domesday.jpg Graphic file (type bmp)
<images1/domesday.jpg>

Underfull \hbox (badness 10000) in paragraph at lines 194--195

 []


Underfull \hbox (badness 10000) in paragraph at lines 198--199

 []


Underfull \hbox (badness 10000) in paragraph at lines 202--203

 []

[11] [12]
Underfull \hbox (badness 10000) in paragraph at lines 211--212

 []


Underfull \hbox (badness 10000) in paragraph at lines 215--216

 []


Underfull \hbox (badness 10000) in paragraph at lines 221--222

 []

File: images1/graunt.jpg Graphic file (type bmp)
<images1/graunt.jpg>

Underfull \hbox (badness 10000) in paragraph at lines 232--233

 []


Underfull \hbox (badness 10000) in paragraph at lines 236--237

 []


Underfull \hbox (badness 10000) in paragraph at lines 240--241

 []


Underfull \hbox (badness 10000) in paragraph at lines 244--245

 []


Overfull \hbox (191.27234pt too wide) has occurred while \output is active
\TU/lmr/m/sl/10 1.1.  PRIMEIROS LEVANTAMENTOS, ESTUDOS E PUBLICAÇÕES & DEMOGRAFIA E ARITMÉTICA POLÍTICA \TU/lmr/m/n/10 13
 []

[13] [14]
Underfull \hbox (badness 10000) in paragraph at lines 248--249

 []

File: images1/petty.jpg Graphic file (type bmp)
<images1/petty.jpg>

Underfull \hbox (badness 10000) in paragraph at lines 259--260

 []


Underfull \hbox (badness 10000) in paragraph at lines 263--264

 []


Underfull \hbox (badness 10000) in paragraph at lines 267--268

 []


Underfull \hbox (badness 10000) in paragraph at lines 271--272

 []

File: images1/halley.png Graphic file (type bmp)
<images1/halley.png>

Underfull \hbox (badness 10000) in paragraph at lines 282--283

 []


Underfull \hbox (badness 10000) in paragraph at lines 286--287

 []


Underfull \hbox (badness 10000) in paragraph at lines 290--291

 []

File: images1/gottfried.jpg Graphic file (type bmp)
<images1/gottfried.jpg>

Underfull \hbox (badness 10000) in paragraph at lines 301--302

 []


Overfull \hbox (191.27234pt too wide) has occurred while \output is active
\TU/lmr/m/sl/10 1.1.  PRIMEIROS LEVANTAMENTOS, ESTUDOS E PUBLICAÇÕES & DEMOGRAFIA E ARITMÉTICA POLÍTICA \TU/lmr/m/n/10 15
 []

[15] [16]
Underfull \hbox (badness 10000) in paragraph at lines 305--306

 []


Underfull \hbox (badness 10000) in paragraph at lines 311--312

 []

File: images1/hooper.jpg Graphic file (type bmp)
<images1/hooper.jpg>

Underfull \hbox (badness 10000) in paragraph at lines 322--323

 []


Underfull \hbox (badness 10000) in paragraph at lines 326--327

 []


Underfull \hbox (badness 10000) in paragraph at lines 330--331

 []

File: images1/sinclair.jpg Graphic file (type bmp)
<images1/sinclair.jpg>

Underfull \hbox (badness 10000) in paragraph at lines 341--342

 []


Overfull \hbox (191.27234pt too wide) has occurred while \output is active
\TU/lmr/m/sl/10 1.1.  PRIMEIROS LEVANTAMENTOS, ESTUDOS E PUBLICAÇÕES & DEMOGRAFIA E ARITMÉTICA POLÍTICA \TU/lmr/m/n/10 17
 []

[17] [18]
Overfull \hbox (191.27234pt too wide) has occurred while \output is active
\TU/lmr/m/sl/10 1.1.  PRIMEIROS LEVANTAMENTOS, ESTUDOS E PUBLICAÇÕES & DEMOGRAFIA E ARITMÉTICA POLÍTICA \TU/lmr/m/n/10 19
 []

[19] [20]
Underfull \hbox (badness 10000) in paragraph at lines 348--349

 []

File: images1/london-1854-snow.jpg Graphic file (type bmp)
<images1/london-1854-snow.jpg>

Underfull \hbox (badness 10000) in paragraph at lines 364--365

 []


Underfull \hbox (badness 10000) in paragraph at lines 368--369

 []

File: images1/priestley-timechart-1765.jpg Graphic file (type bmp)
<images1/priestley-timechart-1765.jpg>

Underfull \hbox (badness 10000) in paragraph at lines 379--380

 []


Overfull \hbox (23.26343pt too wide) has occurred while \output is active
\TU/lmr/m/sl/10 1.2.  VISUALIZAÇÃO DE DADOS & ESTUDOS E PRIMEIRAS PUBLICAÇÕES \TU/lmr/m/n/10 21
 []

[21]
Underfull \hbox (badness 10000) in paragraph at lines 383--384

 []


Underfull \hbox (badness 10000) in paragraph at lines 395--396

 []

File: images1/playfair-barchart-1786.jpg Graphic file (type bmp)
<images1/playfair-barchart-1786.jpg>

Underfull \hbox (badness 10000) in paragraph at lines 406--407

 []

File: images1/playfair-piechart-1801.jpg Graphic file (type bmp)
<images1/playfair-piechart-1801.jpg>

Underfull \hbox (badness 10000) in paragraph at lines 417--418

 []


Underfull \hbox (badness 10000) in paragraph at lines 421--422

 []


Underfull \hbox (badness 10000) in paragraph at lines 425--426

 []

File: images1/florence-rose-diagram.jpg Graphic file (type bmp)
<images1/florence-rose-diagram.jpg>

Underfull \hbox (badness 10000) in paragraph at lines 436--437

 []

[22]
Overfull \hbox (23.26343pt too wide) has occurred while \output is active
\TU/lmr/m/sl/10 1.2.  VISUALIZAÇÃO DE DADOS & ESTUDOS E PRIMEIRAS PUBLICAÇÕES \TU/lmr/m/n/10 23
 []

[23] [24]
File: images1/florence-barr.jpg Graphic file (type bmp)
<images1/florence-barr.jpg>

Underfull \hbox (badness 10000) in paragraph at lines 447--448

 []

[25]
Underfull \hbox (badness 10000) in paragraph at lines 511--512

 []


Underfull \hbox (badness 10000) in paragraph at lines 517--518

 []

[26]
Underfull \hbox (badness 10000) in paragraph at lines 539--540

 []


Underfull \hbox (badness 10000) in paragraph at lines 545--546

 []


Underfull \hbox (badness 10000) in paragraph at lines 551--552

 []

[27]
File: images1/chart_pedigree_allergy2.jpg Graphic file (type bmp)
<images1/chart_pedigree_allergy2.jpg>

Underfull \hbox (badness 10000) in paragraph at lines 562--563

 []

File: images1/chart_pedigree_music2 (1).jpg Graphic file (type bmp)
<images1/chart_pedigree_music2 (1).jpg>

Underfull \hbox (badness 10000) in paragraph at lines 573--574

 []

File: images1/chart_Kallikak_pedigree2.jpg Graphic file (type bmp)
<images1/chart_Kallikak_pedigree2.jpg>

Underfull \hbox (badness 10000) in paragraph at lines 584--585

 []

File: images1/VA_racial_integrity_act2.jpg Graphic file (type bmp)
<images1/VA_racial_integrity_act2.jpg>

Underfull \hbox (badness 10000) in paragraph at lines 595--596

 []

File: images1/choosing_love_over_eugenics.jpeg Graphic file (type bmp)
<images1/choosing_love_over_eugenics.jpeg>
[28] [29] [30] [31] [32

]
Chapter 2.
[33] [34]
File: images2/flux-george.pdf Graphic file (type pdf)
<use images2/flux-george.pdf>
[35]
File: images2/amostragem.jpeg Graphic file (type bmp)
<images2/amostragem.jpeg>

Underfull \hbox (badness 1231) in paragraph at lines 840--841
[]\TU/lmr/m/n/10 Por essa razão, através de um procedimento estatístico denominado de
 []

[36]
File: images2/alf_grego.pdf Graphic file (type pdf)
<use images2/alf_grego.pdf>

Overfull \vbox (173.26326pt too high) has occurred while \output is active []

[37]
File: images2/tipos_variaveis.pdf Graphic file (type pdf)
<use images2/tipos_variaveis.pdf>
LaTeX Font Info:    Font shape `TU/latinmodern-math.otf(1)/m/n' will be
(Font)              scaled to size 14.4pt on input line 912.
LaTeX Font Info:    Font shape `TU/latinmodern-math.otf(2)/m/n' will be
(Font)              scaled to size 14.4013pt on input line 912.
LaTeX Font Info:    Font shape `TU/latinmodern-math.otf(3)/m/n' will be
(Font)              scaled to size 14.39845pt on input line 912.
[38]
Underfull \hbox (badness 10000) in paragraph at lines 922--923

 []


Underfull \hbox (badness 10000) in paragraph at lines 928--929

 []


Underfull \hbox (badness 10000) in paragraph at lines 932--933

 []


Underfull \hbox (badness 10000) in paragraph at lines 938--939

 []


Underfull \hbox (badness 10000) in paragraph at lines 942--943

 []


Underfull \hbox (badness 10000) in paragraph at lines 948--949

 []

[39] [40]
Underfull \hbox (badness 10000) in paragraph at lines 1004--1005

 []


Underfull \hbox (badness 10000) in paragraph at lines 1008--1009

 []


Underfull \hbox (badness 10000) in paragraph at lines 1012--1013

 []


Underfull \hbox (badness 10000) in paragraph at lines 1016--1017

 []


Underfull \hbox (badness 10000) in paragraph at lines 1020--1021

 []


Overfull \hbox (185.01451pt too wide) has occurred while \output is active
\TU/lmr/m/sl/10 2.8.  ANÁLISE COMBINATÓRIA: DIAGRAMAS DE ÁRVORE, PERMUTAÇÕES (ARRANJOS) & COMBINAÇÕES \TU/lmr/m/n/10 41
 []

[41]
Underfull \hbox (badness 10000) in paragraph at lines 1024--1025

 []


Underfull \hbox (badness 10000) in paragraph at lines 1028--1029

 []

File: images4/diagrama_arvore.jpg Graphic file (type bmp)
<images4/diagrama_arvore.jpg>

Underfull \hbox (badness 10000) in paragraph at lines 1039--1040

 []


Underfull \hbox (badness 10000) in paragraph at lines 1043--1044

 []


Underfull \hbox (badness 10000) in paragraph at lines 1047--1048

 []

File: images4/diagrama_arvore_moeda.jpg Graphic file (type bmp)
<images4/diagrama_arvore_moeda.jpg>

Underfull \hbox (badness 10000) in paragraph at lines 1058--1059

 []


Underfull \hbox (badness 10000) in paragraph at lines 1066--1067

 []

[42]
Underfull \hbox (badness 10000) in paragraph at lines 1070--1071

 []


Underfull \hbox (badness 10000) in paragraph at lines 1074--1075

 []


Underfull \hbox (badness 10000) in paragraph at lines 1078--1079

 []


Underfull \hbox (badness 10000) in paragraph at lines 1084--1085

 []


Overfull \hbox (185.01451pt too wide) has occurred while \output is active
\TU/lmr/m/sl/10 2.8.  ANÁLISE COMBINATÓRIA: DIAGRAMAS DE ÁRVORE, PERMUTAÇÕES (ARRANJOS) & COMBINAÇÕES \TU/lmr/m/n/10 43
 []

[43]
Underfull \hbox (badness 10000) in paragraph at lines 1093--1094

 []


Underfull \hbox (badness 10000) in paragraph at lines 1098--1100

 []


Underfull \hbox (badness 10000) in paragraph at lines 1103--1104

 []


Underfull \hbox (badness 10000) in paragraph at lines 1111--1112

 []


Underfull \hbox (badness 10000) in paragraph at lines 1117--1118

 []


Underfull \hbox (badness 10000) in paragraph at lines 1128--1129

 []

[44]
Underfull \hbox (badness 10000) in paragraph at lines 1136--1137

 []


Underfull \hbox (badness 10000) in paragraph at lines 1142--1143

 []


Underfull \hbox (badness 10000) in paragraph at lines 1151--1152

 []


Underfull \hbox (badness 10000) in paragraph at lines 1158--1159

 []


Underfull \hbox (badness 10000) in paragraph at lines 1162--1163

 []


Underfull \hbox (badness 10000) in paragraph at lines 1166--1167

 []


Overfull \hbox (185.01451pt too wide) has occurred while \output is active
\TU/lmr/m/sl/10 2.8.  ANÁLISE COMBINATÓRIA: DIAGRAMAS DE ÁRVORE, PERMUTAÇÕES (ARRANJOS) & COMBINAÇÕES \TU/lmr/m/n/10 45
 []

[45]
Underfull \hbox (badness 10000) in paragraph at lines 1170--1171

 []


Underfull \hbox (badness 10000) in paragraph at lines 1175--1177

 []


Underfull \hbox (badness 10000) in paragraph at lines 1180--1181

 []


Underfull \hbox (badness 10000) in paragraph at lines 1184--1185

 []


Underfull \hbox (badness 10000) in paragraph at lines 1189--1190

 []


Underfull \hbox (badness 10000) in paragraph at lines 1195--1196

 []


Underfull \vbox (badness 1565) has occurred while \output is active []

[46]
Underfull \hbox (badness 10000) in paragraph at lines 1206--1207

 []


Underfull \hbox (badness 10000) in paragraph at lines 1210--1211

 []


Underfull \hbox (badness 10000) in paragraph at lines 1216--1217

 []


Underfull \hbox (badness 10000) in paragraph at lines 1222--1223

 []


Underfull \hbox (badness 10000) in paragraph at lines 1230--1231

 []


Overfull \hbox (185.01451pt too wide) has occurred while \output is active
\TU/lmr/m/sl/10 2.8.  ANÁLISE COMBINATÓRIA: DIAGRAMAS DE ÁRVORE, PERMUTAÇÕES (ARRANJOS) & COMBINAÇÕES \TU/lmr/m/n/10 47
 []

[47]
Underfull \hbox (badness 10000) in paragraph at lines 1250--1251

 []


Underfull \hbox (badness 10000) in paragraph at lines 1269--1270

 []

File: images4/de_morgan.jpg Graphic file (type bmp)
<images4/de_morgan.jpg>

Underfull \hbox (badness 10000) in paragraph at lines 1280--1281

 []

[48]
Underfull \hbox (badness 10000) in paragraph at lines 1284--1285

 []


Underfull \hbox (badness 10000) in paragraph at lines 1288--1289

 []


Underfull \hbox (badness 10000) in paragraph at lines 1293--1295

 []


Underfull \hbox (badness 10000) in paragraph at lines 1298--1299

 []


Underfull \hbox (badness 10000) in paragraph at lines 1302--1303

 []

[49]
Underfull \hbox (badness 10000) in paragraph at lines 1306--1307

 []


Underfull \hbox (badness 10000) in paragraph at lines 1311--1313

 []

[50]
Overfull \hbox (34.51122pt too wide) has occurred while \output is active
\TU/lmr/m/sl/10 2.11.  NOÇÕES BÁSICAS PARA O USO DE CALCULADORA (CASSIO FX-82MS) \TU/lmr/m/n/10 51
 []

[51]
File: images2/calculadora_cassio.jpg Graphic file (type bmp)
<images2/calculadora_cassio.jpg>
[52]
Overfull \hbox (34.51122pt too wide) has occurred while \output is active
\TU/lmr/m/sl/10 2.11.  NOÇÕES BÁSICAS PARA O USO DE CALCULADORA (CASSIO FX-82MS) \TU/lmr/m/n/10 53
 []

[53] [54

]
Chapter 3.

Underfull \hbox (badness 10000) in paragraph at lines 1484--1485

 []

File: images3/tukey.jpeg Graphic file (type bmp)
<images3/tukey.jpeg>

Underfull \hbox (badness 10000) in paragraph at lines 1495--1496

 []

[55]
Overfull \hbox (85.5pt too wide) in paragraph at lines 1532--1532
[]\TU/lmtt/m/n/10 ##  [1] 1.63 1.67 1.47 1.64 1.66 1.73 2.00 1.62 1.65 1.56 1.65 1.85 1.73 1.78 1.82[] 
 []


Overfull \hbox (85.5pt too wide) in paragraph at lines 1532--1532
[]\TU/lmtt/m/n/10 ## [16] 1.68 1.67 1.83 1.72 1.71 1.73 1.67 1.66 1.95 1.76 1.73 1.77 1.68 1.65 1.64[] 
 []


Overfull \hbox (85.5pt too wide) in paragraph at lines 1532--1532
[]\TU/lmtt/m/n/10 ## [31] 1.66 1.68 1.61 1.73 1.72 1.83 1.69 1.84 1.66 1.78 1.54 1.74 1.56 1.66 1.56[] 
 []


Overfull \hbox (85.5pt too wide) in paragraph at lines 1532--1532
[]\TU/lmtt/m/n/10 ## [46] 1.62 1.55 1.86 1.44 1.67 1.76 1.79 1.75 1.41 1.65 1.58 1.93 1.57 1.71 1.58[] 
 []

[56]
Overfull \hbox (85.5pt too wide) in paragraph at lines 1549--1549
[]\TU/lmtt/m/n/10 ##  [1] 1.41 1.44 1.47 1.54 1.55 1.56 1.56 1.56 1.57 1.58 1.58 1.61 1.62 1.62 1.63[] 
 []


Overfull \hbox (85.5pt too wide) in paragraph at lines 1549--1549
[]\TU/lmtt/m/n/10 ## [16] 1.64 1.64 1.65 1.65 1.65 1.65 1.66 1.66 1.66 1.66 1.66 1.67 1.67 1.67 1.67[] 
 []


Overfull \hbox (85.5pt too wide) in paragraph at lines 1549--1549
[]\TU/lmtt/m/n/10 ## [31] 1.68 1.68 1.68 1.69 1.71 1.71 1.72 1.72 1.73 1.73 1.73 1.73 1.73 1.74 1.75[] 
 []


Overfull \hbox (85.5pt too wide) in paragraph at lines 1549--1549
[]\TU/lmtt/m/n/10 ## [46] 1.76 1.76 1.77 1.78 1.78 1.79 1.82 1.83 1.83 1.84 1.85 1.86 1.93 1.95 2.00[] 
 []


Overfull \hbox (163.63013pt too wide) has occurred while \output is active
\TU/lmr/m/sl/10 3.2.  DADOS BRUTOS, EM ROL, DIAGRAMA DE RAMOS & FOLHAS E DE DISPERSÃO UNIDIMENSIONAL \TU/lmr/m/n/10 57
 []

[57]
File: _main_files/figure-latex/unnamed-chunk-33-1.pdf Graphic file (type pdf)
<use _main_files/figure-latex/unnamed-chunk-33-1.pdf>
[58] [59]
File: _main_files/figure-latex/unnamed-chunk-34-1.pdf Graphic file (type pdf)
<use _main_files/figure-latex/unnamed-chunk-34-1.pdf>
[60]
File: _main_files/figure-latex/unnamed-chunk-35-1.pdf Graphic file (type pdf)
<use _main_files/figure-latex/unnamed-chunk-35-1.pdf>
[61]
Overfull \hbox (85.5pt too wide) in paragraph at lines 1767--1767
[]\TU/lmtt/m/n/10 ## 1.41 1.44 1.47 1.54 1.55 1.56 1.57 1.58 1.61 1.62 1.63 1.64 1.65 1.66 1.67 1.68[] 
 []


Overfull \hbox (85.5pt too wide) in paragraph at lines 1767--1767
[]\TU/lmtt/m/n/10 ##    1    1    1    1    1    3    1    2    1    2    1    2    4    5    4    3[] 
 []


Overfull \hbox (85.5pt too wide) in paragraph at lines 1767--1767
[]\TU/lmtt/m/n/10 ## 1.69 1.71 1.72 1.73 1.74 1.75 1.76 1.77 1.78 1.79 1.82 1.83 1.84 1.85 1.86 1.93[] 
 []


Overfull \hbox (85.5pt too wide) in paragraph at lines 1767--1767
[]\TU/lmtt/m/n/10 ##    1    2    2    5    1    1    2    1    2    1    1    2    1    1    1    1[] 
 []

File: _main_files/figure-latex/unnamed-chunk-37-1.pdf Graphic file (type pdf)
<use _main_files/figure-latex/unnamed-chunk-37-1.pdf>
LaTeX Font Info:    Font shape `TU/lmtt/bx/n' in size <10> not available
(Font)              Font shape `TU/lmtt/b/n' tried instead on input line 1794.
[62]
Missing character: There is no é ("E9) in font lmmi10!
[63]
Overfull \hbox (85.5pt too wide) in paragraph at lines 1876--1876
[]\TU/lmtt/m/n/10 ##  [1] 1.41 1.44 1.47 1.54 1.55 1.56 1.56 1.56 1.57 1.58 1.58 1.61 1.62 1.62 1.63[] 
 []


Overfull \hbox (85.5pt too wide) in paragraph at lines 1876--1876
[]\TU/lmtt/m/n/10 ## [16] 1.64 1.64 1.65 1.65 1.65 1.65 1.66 1.66 1.66 1.66 1.66 1.67 1.67 1.67 1.67[] 
 []


Overfull \hbox (85.5pt too wide) in paragraph at lines 1876--1876
[]\TU/lmtt/m/n/10 ## [31] 1.68 1.68 1.68 1.69 1.71 1.71 1.72 1.72 1.73 1.73 1.73 1.73 1.73 1.74 1.75[] 
 []


Overfull \hbox (85.5pt too wide) in paragraph at lines 1876--1876
[]\TU/lmtt/m/n/10 ## [46] 1.76 1.76 1.77 1.78 1.78 1.79 1.82 1.83 1.83 1.84 1.85 1.86 1.93 1.95 2.00[] 
 []


Underfull \hbox (badness 10000) in paragraph at lines 1897--1899

 []

[64]
File: _main_files/figure-latex/unnamed-chunk-41-1.pdf Graphic file (type pdf)
<use _main_files/figure-latex/unnamed-chunk-41-1.pdf>
[65]
File: _main_files/figure-latex/unnamed-chunk-42-1.pdf Graphic file (type pdf)
<use _main_files/figure-latex/unnamed-chunk-42-1.pdf>
File: images3/comp_sinteses.jpg Graphic file (type bmp)
<images3/comp_sinteses.jpg>

Underfull \hbox (badness 10000) in paragraph at lines 1981--1982

 []

[66] [67] [68] [69]
Overfull \hbox (85.5pt too wide) in paragraph at lines 2162--2162
[]\TU/lmtt/m/n/10 ##  [1] 1.41 1.44 1.47 1.54 1.55 1.56 1.56 1.56 1.57 1.58 1.58 1.61 1.62 1.62 1.63[] 
 []


Overfull \hbox (85.5pt too wide) in paragraph at lines 2162--2162
[]\TU/lmtt/m/n/10 ## [16] 1.64 1.64 1.65 1.65 1.65 1.65 1.66 1.66 1.66 1.66 1.66 1.67 1.67 1.67 1.67[] 
 []


Overfull \hbox (85.5pt too wide) in paragraph at lines 2162--2162
[]\TU/lmtt/m/n/10 ## [31] 1.68 1.68 1.68 1.69 1.71 1.71 1.72 1.72 1.73 1.73 1.73 1.73 1.73 1.74 1.75[] 
 []


Overfull \hbox (85.5pt too wide) in paragraph at lines 2162--2162
[]\TU/lmtt/m/n/10 ## [46] 1.76 1.76 1.77 1.78 1.78 1.79 1.82 1.83 1.83 1.84 1.85 1.86 1.93 1.95 2.00[] 
 []

[70] [71]
File: _main_files/figure-latex/unnamed-chunk-48-1.pdf Graphic file (type pdf)
<use _main_files/figure-latex/unnamed-chunk-48-1.pdf>
[72]
File: _main_files/figure-latex/unnamed-chunk-49-1.pdf Graphic file (type pdf)
<use _main_files/figure-latex/unnamed-chunk-49-1.pdf>
[73]
File: images3/curtose.jpg Graphic file (type bmp)
<images3/curtose.jpg>
[74] [75]
File: _main_files/figure-latex/unnamed-chunk-51-1.pdf Graphic file (type pdf)
<use _main_files/figure-latex/unnamed-chunk-51-1.pdf>
[76]
File: _main_files/figure-latex/unnamed-chunk-52-1.pdf Graphic file (type pdf)
<use _main_files/figure-latex/unnamed-chunk-52-1.pdf>
[77] [78]
File: _main_files/figure-latex/unnamed-chunk-53-1.pdf Graphic file (type pdf)
<use _main_files/figure-latex/unnamed-chunk-53-1.pdf>
[79]
Underfull \vbox (badness 1824) detected at line 2601
 []

[80]
File: _main_files/figure-latex/unnamed-chunk-54-1.pdf Graphic file (type pdf)
<use _main_files/figure-latex/unnamed-chunk-54-1.pdf>
[81]
Underfull \hbox (badness 10000) in paragraph at lines 2663--2664

 []

[82]
Underfull \hbox (badness 10000) in paragraph at lines 2685--2686

 []


Underfull \hbox (badness 10000) in paragraph at lines 2720--2721

 []

[83]
Underfull \hbox (badness 10000) in paragraph at lines 2759--2760

 []


Underfull \hbox (badness 10000) in paragraph at lines 2768--2769

 []


Underfull \hbox (badness 10000) in paragraph at lines 2772--2773

 []


Underfull \hbox (badness 10000) in paragraph at lines 2782--2783

 []

[84]
Underfull \hbox (badness 10000) in paragraph at lines 2786--2787

 []


Underfull \hbox (badness 10000) in paragraph at lines 2803--2804

 []


Underfull \hbox (badness 10000) in paragraph at lines 2809--2810

 []

[85]
Underfull \hbox (badness 10000) in paragraph at lines 2833--2834

 []


Underfull \hbox (badness 10000) in paragraph at lines 2837--2838

 []


Overfull \hbox (11.7403pt too wide) in paragraph at lines 2850--2851
[]\TU/lmr/m/n/10 Classe  
 []


Overfull \hbox (0.68993pt too wide) in paragraph at lines 2856--2857
[]\TU/lmr/m/n/10 Freq.  
 []


Overfull \hbox (11.42029pt too wide) in paragraph at lines 2875--2875
[]|\TU/lmr/m/n/10 Totais|  
 []


Underfull \hbox (badness 10000) in paragraph at lines 2879--2880

 []


Overfull \hbox (6.9pt too wide) in paragraph at lines 2891--2892
[]\TU/lmr/m/n/10 Classe  
 []


Overfull \hbox (5.58498pt too wide) in paragraph at lines 2897--2898
[]\TU/lmr/m/n/10 Amplitude  
 []


Overfull \hbox (4.10497pt too wide) in paragraph at lines 2899--2900
[]\TU/lmr/m/n/10 Densidade  
 []


Overfull \hbox (6.57999pt too wide) in paragraph at lines 2914--2914
[]|\TU/lmr/m/n/10 Totais|  
 []

[86]
Underfull \hbox (badness 10000) in paragraph at lines 2918--2919

 []


Underfull \hbox (badness 10000) in paragraph at lines 2923--2924

 []


Underfull \hbox (badness 10000) in paragraph at lines 2931--2932

 []


Underfull \hbox (badness 10000) in paragraph at lines 2935--2936

 []


Underfull \hbox (badness 10000) in paragraph at lines 2940--2941

 []


Underfull \hbox (badness 10000) in paragraph at lines 2946--2948

 []

[87]
Underfull \hbox (badness 10000) in paragraph at lines 2966--2967

 []

[88]
File: _main_files/figure-latex/unnamed-chunk-55-1.pdf Graphic file (type pdf)
<use _main_files/figure-latex/unnamed-chunk-55-1.pdf>

Underfull \hbox (badness 10000) in paragraph at lines 3012--3013

 []

File: _main_files/figure-latex/unnamed-chunk-56-1.pdf Graphic file (type pdf)
<use _main_files/figure-latex/unnamed-chunk-56-1.pdf>

Underfull \hbox (badness 10000) in paragraph at lines 3032--3033

 []

[89]
Underfull \hbox (badness 10000) in paragraph at lines 3046--3047

 []


Underfull \hbox (badness 10000) in paragraph at lines 3058--3059

 []

[90]
Underfull \hbox (badness 10000) in paragraph at lines 3064--3065

 []


Underfull \hbox (badness 10000) in paragraph at lines 3087--3088

 []


Underfull \hbox (badness 10000) in paragraph at lines 3116--3117

 []

[91]
File: _main_files/figure-latex/unnamed-chunk-58-1.pdf Graphic file (type pdf)
<use _main_files/figure-latex/unnamed-chunk-58-1.pdf>

Underfull \hbox (badness 10000) in paragraph at lines 3149--3150

 []

[92]
File: _main_files/figure-latex/unnamed-chunk-59-1.pdf Graphic file (type pdf)
<use _main_files/figure-latex/unnamed-chunk-59-1.pdf>

Underfull \hbox (badness 10000) in paragraph at lines 3189--3190

 []


Underfull \hbox (badness 10000) in paragraph at lines 3197--3198

 []

[93]
Underfull \hbox (badness 10000) in paragraph at lines 3219--3220

 []

[94]
Chapter 4.
[95

]
Underfull \hbox (badness 10000) in paragraph at lines 3279--3280

 []


Underfull \hbox (badness 10000) in paragraph at lines 3284--3285

 []


Underfull \hbox (badness 10000) in paragraph at lines 3288--3289

 []

[96]
Underfull \hbox (badness 2503) in paragraph at lines 3307--3308
\TU/lmr/m/n/10 realizar um \TU/lmr/bx/n/10 experimento aleatório \TU/lmr/m/n/10 são \TU/lmr/bx/n/10 mutuamente exclusivos e
 []


Underfull \hbox (badness 10000) in paragraph at lines 3335--3336

 []


Underfull \hbox (badness 10000) in paragraph at lines 3340--3341

 []

[97] [98]
Underfull \hbox (badness 10000) in paragraph at lines 3383--3384

 []

File: images4/evento_grafico.jpg Graphic file (type bmp)
<images4/evento_grafico.jpg>

Underfull \vbox (badness 10000) has occurred while \output is active []

[99]
Underfull \hbox (badness 10000) in paragraph at lines 3418--3419

 []

[100]
Underfull \hbox (badness 10000) in paragraph at lines 3466--3467

 []


Underfull \hbox (badness 10000) in paragraph at lines 3495--3496

 []


Underfull \hbox (badness 10000) in paragraph at lines 3499--3500

 []

File: images4/venn.jpg Graphic file (type bmp)
<images4/venn.jpg>

Underfull \hbox (badness 10000) in paragraph at lines 3510--3511

 []

[101]
Underfull \hbox (badness 10000) in paragraph at lines 3519--3520

 []

File: images4/A_UN_B.jpg Graphic file (type bmp)
<images4/A_UN_B.jpg>

Underfull \hbox (badness 10000) in paragraph at lines 3530--3531

 []


Underfull \hbox (badness 10000) in paragraph at lines 3537--3538

 []

File: images4/A_INTER_B.jpg Graphic file (type bmp)
<images4/A_INTER_B.jpg>

Underfull \hbox (badness 10000) in paragraph at lines 3548--3549

 []

[102] [103]
Underfull \hbox (badness 10000) in paragraph at lines 3561--3562

 []

File: images4/COMP_A.jpg Graphic file (type bmp)
<images4/COMP_A.jpg>

Underfull \hbox (badness 10000) in paragraph at lines 3572--3573

 []


Underfull \hbox (badness 10000) in paragraph at lines 3576--3577

 []

File: images4/COMP_B.jpg Graphic file (type bmp)
<images4/COMP_B.jpg>

Underfull \hbox (badness 10000) in paragraph at lines 3590--3591

 []

[104]
Underfull \hbox (badness 10000) in paragraph at lines 3603--3604

 []

[105]
Underfull \hbox (badness 10000) in paragraph at lines 3643--3644

 []


Underfull \hbox (badness 10000) in paragraph at lines 3647--3648

 []

[106]
Underfull \hbox (badness 10000) in paragraph at lines 3652--3653

 []

File: images4/astralagus.jpeg Graphic file (type bmp)
<images4/astralagus.jpeg>
[107]
Underfull \hbox (badness 10000) in paragraph at lines 3690--3691

 []


Overfull \hbox (10.11275pt too wide) in paragraph at lines 3718--3719
[]\TU/lmr/m/n/10 Total  
 []


Overfull \hbox (10.11275pt too wide) in paragraph at lines 3738--3739
[]\TU/lmr/m/n/10 Total  
 []


Overfull \hbox (7.92023pt too wide) in paragraph at lines 3742--3742
[]|\TU/lmr/m/n/10 Proporção 
 []


Underfull \hbox (badness 10000) in paragraph at lines 3746--3747

 []


Underfull \hbox (badness 10000) in paragraph at lines 3758--3759

 []


Underfull \hbox (badness 10000) in paragraph at lines 3763--3764

 []

[108]
Underfull \hbox (badness 10000) in paragraph at lines 3795--3796

 []


Underfull \hbox (badness 10000) in paragraph at lines 3800--3801

 []

[109]
Underfull \hbox (badness 10000) in paragraph at lines 3806--3807

 []

File: images4/funcao_probabilidade.jpg Graphic file (type bmp)
<images4/funcao_probabilidade.jpg>

Underfull \hbox (badness 10000) in paragraph at lines 3817--3818

 []


Underfull \hbox (badness 10000) in paragraph at lines 3821--3822

 []

File: images4/kolmogorov.jpeg Graphic file (type bmp)
<images4/kolmogorov.jpeg>

Underfull \hbox (badness 10000) in paragraph at lines 3832--3833

 []


Underfull \hbox (badness 10000) in paragraph at lines 3837--3838

 []

[110]
Underfull \hbox (badness 10000) in paragraph at lines 3846--3847

 []


Underfull \hbox (badness 10000) in paragraph at lines 3857--3858

 []


Underfull \hbox (badness 10000) in paragraph at lines 3862--3863

 []

[111]
Missing character: There is no 𝜔 (U+1D714) in font [lmroman10-regular]:mapping=tex-text;!
Missing character: There is no ∩ (U+2229) in font [lmroman10-italic]:mapping=tex-text;!
Missing character: There is no 𝜔 (U+1D714) in font [lmroman10-italic]:mapping=tex-text;!
Missing character: There is no ∅ (U+2205) in font [lmroman10-regular]:mapping=tex-text;!

Overfull \hbox (16.8484pt too wide) in paragraph at lines 3868--3869
[]\TU/lmr/m/n/10 para qualquer sequência de eventos \TU/lmr/bx/n/10 mutuamente exclusivos $[][][][] [][][] [][][] [][][][] [][][] [][][][]$
 []


Underfull \hbox (badness 10000) in paragraph at lines 3874--3875

 []


Underfull \hbox (badness 10000) in paragraph at lines 3878--3879

 []


Underfull \hbox (badness 10000) in paragraph at lines 3886--3887

 []


Underfull \hbox (badness 10000) in paragraph at lines 3890--3891

 []

[112]
Underfull \hbox (badness 10000) in paragraph at lines 3895--3896

 []


Underfull \hbox (badness 10000) in paragraph at lines 3899--3900

 []


Underfull \hbox (badness 10000) in paragraph at lines 3936--3937

 []

[113]
Underfull \hbox (badness 10000) in paragraph at lines 3961--3963

 []

[114]
Underfull \hbox (badness 10000) in paragraph at lines 4002--4003

 []

[115]
Underfull \hbox (badness 10000) in paragraph at lines 4059--4060

 []

[116]
Underfull \hbox (badness 10000) in paragraph at lines 4096--4097

 []

[117] [118]
Underfull \hbox (badness 10000) in paragraph at lines 4166--4167

 []

File: images4/exercicio.jpg Graphic file (type bmp)
<images4/exercicio.jpg>

Underfull \hbox (badness 10000) in paragraph at lines 4177--4178

 []


Underfull \hbox (badness 10000) in paragraph at lines 4189--4190

 []


Underfull \hbox (badness 10000) in paragraph at lines 4195--4196

 []

[119]
Underfull \hbox (badness 10000) in paragraph at lines 4199--4200

 []


Underfull \hbox (badness 10000) in paragraph at lines 4207--4208

 []


Underfull \hbox (badness 10000) in paragraph at lines 4211--4212

 []


Underfull \hbox (badness 10000) in paragraph at lines 4217--4218

 []


Underfull \hbox (badness 10000) in paragraph at lines 4221--4222

 []


Underfull \hbox (badness 10000) in paragraph at lines 4229--4230

 []

[120]
Underfull \hbox (badness 10000) in paragraph at lines 4235--4236

 []


Underfull \hbox (badness 10000) in paragraph at lines 4243--4244

 []

[121]
Underfull \hbox (badness 10000) in paragraph at lines 4294--4295

 []

File: images4/indepn_correlacao.jpg Graphic file (type bmp)
<images4/indepn_correlacao.jpg>

Underfull \hbox (badness 10000) in paragraph at lines 4305--4306

 []

[122]
Underfull \hbox (badness 10000) in paragraph at lines 4333--4334

 []


Underfull \hbox (badness 10000) in paragraph at lines 4339--4340

 []


Underfull \hbox (badness 10000) in paragraph at lines 4350--4351

 []


Underfull \hbox (badness 10000) in paragraph at lines 4356--4357

 []

[123]
Underfull \hbox (badness 10000) in paragraph at lines 4381--4382

 []


Underfull \hbox (badness 10000) in paragraph at lines 4387--4388

 []

[124]
Underfull \hbox (badness 10000) in paragraph at lines 4398--4399

 []


Underfull \hbox (badness 10000) in paragraph at lines 4407--4408

 []


Underfull \hbox (badness 10000) in paragraph at lines 4412--4413

 []

File: images4/thomas_bayes.jpg Graphic file (type bmp)
<images4/thomas_bayes.jpg>

Underfull \hbox (badness 10000) in paragraph at lines 4423--4424

 []


Underfull \hbox (badness 10000) in paragraph at lines 4427--4428

 []


Underfull \hbox (badness 10000) in paragraph at lines 4433--4434

 []


Underfull \hbox (badness 10000) in paragraph at lines 4437--4438

 []

[125]
Underfull \hbox (badness 10000) in paragraph at lines 4441--4442

 []


Underfull \hbox (badness 10000) in paragraph at lines 4445--4446

 []


Underfull \hbox (badness 10000) in paragraph at lines 4451--4452

 []


Underfull \hbox (badness 10000) in paragraph at lines 4455--4456

 []

[126]
Underfull \hbox (badness 10000) in paragraph at lines 4459--4460

 []

File: images4/bayes_1.jpg Graphic file (type bmp)
<images4/bayes_1.jpg>

Underfull \hbox (badness 10000) in paragraph at lines 4470--4471

 []


Underfull \hbox (badness 10000) in paragraph at lines 4474--4475

 []

File: images4/bayes_2.jpg Graphic file (type bmp)
<images4/bayes_2.jpg>

Underfull \hbox (badness 10000) in paragraph at lines 4485--4486

 []

[127]
Underfull \hbox (badness 10000) in paragraph at lines 4489--4490

 []

File: images4/bayes_3.jpg Graphic file (type bmp)
<images4/bayes_3.jpg>

Underfull \hbox (badness 10000) in paragraph at lines 4500--4501

 []


Underfull \hbox (badness 10000) in paragraph at lines 4504--4505

 []

File: images4/bayes_4.jpg Graphic file (type bmp)
<images4/bayes_4.jpg>

Underfull \hbox (badness 10000) in paragraph at lines 4515--4516

 []

[128]
Underfull \hbox (badness 10000) in paragraph at lines 4519--4520

 []

File: images4/bayes_5.jpg Graphic file (type bmp)
<images4/bayes_5.jpg>

Underfull \hbox (badness 10000) in paragraph at lines 4530--4531

 []


Underfull \hbox (badness 10000) in paragraph at lines 4541--4542

 []


Underfull \hbox (badness 10000) in paragraph at lines 4545--4546

 []


Underfull \hbox (badness 10000) in paragraph at lines 4551--4552

 []

[129]
Underfull \hbox (badness 10000) in paragraph at lines 4555--4556

 []


Underfull \hbox (badness 10000) in paragraph at lines 4561--4562

 []


Underfull \hbox (badness 10000) in paragraph at lines 4565--4566

 []


Underfull \hbox (badness 10000) in paragraph at lines 4572--4573

 []


Underfull \hbox (badness 10000) in paragraph at lines 4576--4577

 []


Underfull \hbox (badness 10000) in paragraph at lines 4583--4584

 []


Underfull \hbox (badness 10000) in paragraph at lines 4587--4588

 []


Underfull \hbox (badness 10000) in paragraph at lines 4591--4592

 []

[130]
Underfull \hbox (badness 10000) in paragraph at lines 4599--4600

 []


Underfull \hbox (badness 10000) in paragraph at lines 4603--4604

 []


Underfull \hbox (badness 10000) in paragraph at lines 4609--4610

 []


Underfull \hbox (badness 10000) in paragraph at lines 4613--4614

 []


Underfull \hbox (badness 10000) in paragraph at lines 4621--4622

 []


Underfull \hbox (badness 10000) in paragraph at lines 4625--4626

 []


Underfull \hbox (badness 10000) in paragraph at lines 4629--4630

 []


Underfull \hbox (badness 10000) in paragraph at lines 4635--4636

 []

[131]
Underfull \hbox (badness 10000) in paragraph at lines 4639--4640

 []


Underfull \hbox (badness 10000) in paragraph at lines 4645--4646

 []


Underfull \hbox (badness 10000) in paragraph at lines 4649--4650

 []


Underfull \hbox (badness 10000) in paragraph at lines 4655--4656

 []


Underfull \hbox (badness 10000) in paragraph at lines 4659--4660

 []


Underfull \hbox (badness 10000) in paragraph at lines 4665--4666

 []


Underfull \hbox (badness 10000) in paragraph at lines 4669--4670

 []


Underfull \hbox (badness 10000) in paragraph at lines 4675--4676

 []


Underfull \hbox (badness 10000) in paragraph at lines 4679--4680

 []

[132]
Underfull \hbox (badness 10000) in paragraph at lines 4687--4688

 []


Underfull \hbox (badness 10000) in paragraph at lines 4691--4692

 []


Underfull \hbox (badness 10000) in paragraph at lines 4695--4696

 []


Underfull \hbox (badness 10000) in paragraph at lines 4699--4700

 []


Underfull \hbox (badness 10000) in paragraph at lines 4705--4706

 []


Underfull \hbox (badness 10000) in paragraph at lines 4709--4710

 []


Underfull \hbox (badness 10000) in paragraph at lines 4713--4714

 []


Underfull \hbox (badness 10000) in paragraph at lines 4718--4720

 []


Underfull \hbox (badness 10000) in paragraph at lines 4720--4722

 []


Underfull \hbox (badness 10000) in paragraph at lines 4722--4724

 []

[133]
Underfull \hbox (badness 10000) in paragraph at lines 4724--4726

 []


Underfull \hbox (badness 10000) in paragraph at lines 4729--4730

 []


Underfull \hbox (badness 10000) in paragraph at lines 4735--4736

 []


Underfull \hbox (badness 10000) in paragraph at lines 4742--4743

 []


Underfull \hbox (badness 10000) in paragraph at lines 4746--4747

 []


Underfull \hbox (badness 10000) in paragraph at lines 4750--4751

 []


Underfull \hbox (badness 10000) in paragraph at lines 4754--4755

 []

[134]
Underfull \hbox (badness 10000) in paragraph at lines 4763--4764

 []


Underfull \hbox (badness 10000) in paragraph at lines 4767--4768

 []


Underfull \hbox (badness 10000) in paragraph at lines 4772--4774

 []


Underfull \hbox (badness 10000) in paragraph at lines 4774--4776

 []


Underfull \hbox (badness 10000) in paragraph at lines 4776--4778

 []


Underfull \hbox (badness 10000) in paragraph at lines 4781--4782

 []


Underfull \hbox (badness 10000) in paragraph at lines 4785--4786

 []


Underfull \hbox (badness 10000) in paragraph at lines 4792--4794

 []


Underfull \hbox (badness 10000) in paragraph at lines 4794--4796

 []


Underfull \hbox (badness 10000) in paragraph at lines 4799--4800

 []


Underfull \hbox (badness 10000) in paragraph at lines 4803--4804

 []


Underfull \hbox (badness 10000) in paragraph at lines 4807--4808

 []

[135]
Underfull \hbox (badness 10000) in paragraph at lines 4811--4812

 []


Underfull \hbox (badness 10000) in paragraph at lines 4817--4818

 []


Underfull \hbox (badness 10000) in paragraph at lines 4821--4822

 []


Underfull \hbox (badness 10000) in paragraph at lines 4829--4830

 []


Underfull \hbox (badness 10000) in paragraph at lines 4833--4834

 []


Underfull \hbox (badness 10000) in paragraph at lines 4841--4842

 []

[136]
Underfull \hbox (badness 10000) in paragraph at lines 4845--4846

 []


Underfull \hbox (badness 10000) in paragraph at lines 4853--4854

 []


Underfull \hbox (badness 10000) in paragraph at lines 4857--4858

 []


Underfull \hbox (badness 10000) in paragraph at lines 4864--4865

 []


Underfull \hbox (badness 10000) in paragraph at lines 4868--4869

 []


Underfull \hbox (badness 10000) in paragraph at lines 4877--4878

 []

[137]
File: images4/exemplo_02_bayes.jpg Graphic file (type bmp)
<images4/exemplo_02_bayes.jpg>

Underfull \hbox (badness 10000) in paragraph at lines 4888--4889

 []


Underfull \hbox (badness 10000) in paragraph at lines 4892--4893

 []


Underfull \hbox (badness 10000) in paragraph at lines 4896--4897

 []


Underfull \hbox (badness 10000) in paragraph at lines 4900--4901

 []


Underfull \hbox (badness 10000) in paragraph at lines 4911--4912

 []

[138]
Underfull \hbox (badness 10000) in paragraph at lines 4919--4920

 []


Underfull \hbox (badness 10000) in paragraph at lines 4924--4925

 []


Underfull \hbox (badness 10000) in paragraph at lines 4928--4929

 []


Underfull \hbox (badness 10000) in paragraph at lines 4933--4935

 []


Underfull \hbox (badness 10000) in paragraph at lines 4935--4937

 []


Underfull \hbox (badness 10000) in paragraph at lines 4937--4939

 []


Underfull \hbox (badness 10000) in paragraph at lines 4942--4943

 []


Underfull \hbox (badness 10000) in paragraph at lines 4952--4953

 []


Underfull \hbox (badness 10000) in paragraph at lines 4956--4957

 []

[139]
Underfull \hbox (badness 10000) in paragraph at lines 4962--4963

 []


Underfull \hbox (badness 10000) in paragraph at lines 4972--4973

 []


Underfull \hbox (badness 10000) in paragraph at lines 4978--4979

 []


Underfull \hbox (badness 10000) in paragraph at lines 4986--4987

 []


Underfull \hbox (badness 10000) in paragraph at lines 4990--4991

 []


Underfull \hbox (badness 10000) in paragraph at lines 4997--4998

 []


Underfull \hbox (badness 10000) in paragraph at lines 5001--5002

 []

[140]
Underfull \hbox (badness 10000) in paragraph at lines 5005--5006

 []


Underfull \hbox (badness 10000) in paragraph at lines 5009--5010

 []


Underfull \hbox (badness 10000) in paragraph at lines 5013--5014

 []


Underfull \hbox (badness 10000) in paragraph at lines 5017--5018

 []


Underfull \hbox (badness 10000) in paragraph at lines 5021--5022

 []


Underfull \hbox (badness 10000) in paragraph at lines 5025--5026

 []


Underfull \hbox (badness 10000) in paragraph at lines 5029--5030

 []


Underfull \hbox (badness 10000) in paragraph at lines 5035--5036

 []

[141]
Underfull \hbox (badness 10000) in paragraph at lines 5043--5044

 []


Underfull \hbox (badness 10000) in paragraph at lines 5047--5048

 []

File: images4/com_rep.jpg Graphic file (type bmp)
<images4/com_rep.jpg>

Underfull \hbox (badness 10000) in paragraph at lines 5061--5062

 []


Underfull \hbox (badness 10000) in paragraph at lines 5065--5066

 []


Underfull \hbox (badness 10000) in paragraph at lines 5069--5070

 []


Underfull \hbox (badness 10000) in paragraph at lines 5073--5074

 []

[142]
Underfull \hbox (badness 10000) in paragraph at lines 5080--5081

 []


Underfull \hbox (badness 10000) in paragraph at lines 5084--5085

 []


Underfull \hbox (badness 10000) in paragraph at lines 5088--5089

 []


Underfull \hbox (badness 10000) in paragraph at lines 5096--5097

 []


Underfull \hbox (badness 10000) in paragraph at lines 5100--5101

 []


Underfull \hbox (badness 10000) in paragraph at lines 5105--5107

 []


Underfull \hbox (badness 10000) in paragraph at lines 5107--5109

 []


Underfull \hbox (badness 10000) in paragraph at lines 5109--5111

 []


Underfull \hbox (badness 10000) in paragraph at lines 5114--5115

 []


Underfull \hbox (badness 10000) in paragraph at lines 5118--5119

 []


Underfull \hbox (badness 10000) in paragraph at lines 5120--5121

 []

[143]
Underfull \hbox (badness 10000) in paragraph at lines 5124--5125

 []


Underfull \hbox (badness 10000) in paragraph at lines 5132--5133

 []


Underfull \hbox (badness 10000) in paragraph at lines 5140--5141

 []


Underfull \hbox (badness 10000) in paragraph at lines 5148--5149

 []


Underfull \hbox (badness 10000) in paragraph at lines 5156--5157

 []


Underfull \hbox (badness 10000) in paragraph at lines 5160--5161

 []

[144]
Underfull \hbox (badness 10000) in paragraph at lines 5167--5168

 []


Underfull \hbox (badness 10000) in paragraph at lines 5171--5172

 []


Underfull \hbox (badness 10000) in paragraph at lines 5176--5178

 []


Underfull \hbox (badness 10000) in paragraph at lines 5181--5182

 []


Underfull \hbox (badness 10000) in paragraph at lines 5185--5186

 []


Underfull \hbox (badness 10000) in paragraph at lines 5191--5192

 []


Underfull \hbox (badness 10000) in paragraph at lines 5195--5196

 []


Underfull \hbox (badness 10000) in paragraph at lines 5200--5202

 []


Underfull \hbox (badness 10000) in paragraph at lines 5205--5206

 []


Underfull \hbox (badness 10000) in paragraph at lines 5209--5210

 []

[145]
Underfull \hbox (badness 10000) in paragraph at lines 5213--5214

 []


Underfull \hbox (badness 10000) in paragraph at lines 5217--5218

 []


Underfull \hbox (badness 10000) in paragraph at lines 5225--5226

 []


Underfull \hbox (badness 10000) in paragraph at lines 5229--5230

 []


Underfull \hbox (badness 10000) in paragraph at lines 5233--5234

 []


Underfull \hbox (badness 10000) in paragraph at lines 5239--5240

 []


Underfull \hbox (badness 10000) in paragraph at lines 5247--5248

 []


Underfull \hbox (badness 10000) in paragraph at lines 5251--5252

 []

File: images4/sem_rep.jpg Graphic file (type bmp)
<images4/sem_rep.jpg>

Underfull \hbox (badness 10000) in paragraph at lines 5268--5269

 []

[146]
Underfull \hbox (badness 10000) in paragraph at lines 5272--5273

 []


Underfull \hbox (badness 10000) in paragraph at lines 5276--5277

 []


Underfull \hbox (badness 10000) in paragraph at lines 5282--5283

 []


Underfull \hbox (badness 10000) in paragraph at lines 5288--5289

 []


Overfull \hbox (147.13864pt too wide) in paragraph at lines 5290--5291
[]\TU/lmr/m/n/10 Espaço amostral dos possíveis eventos (resultados): $[] [] [][][][][][][] [][][][][][] [][][][][][] [][][][][][][] [][][][][][][] [][][][][][] [][][][][][][] [][][][][][][]$ 
 []

[147]
Underfull \hbox (badness 10000) in paragraph at lines 5306--5307

 []


Underfull \hbox (badness 10000) in paragraph at lines 5311--5312

 []


Underfull \hbox (badness 10000) in paragraph at lines 5315--5316

 []


Underfull \hbox (badness 10000) in paragraph at lines 5319--5320

 []


Underfull \hbox (badness 10000) in paragraph at lines 5327--5328

 []


Underfull \hbox (badness 10000) in paragraph at lines 5332--5333

 []


Underfull \hbox (badness 10000) in paragraph at lines 5336--5337

 []

[148]
Underfull \hbox (badness 10000) in paragraph at lines 5340--5341

 []


Underfull \hbox (badness 10000) in paragraph at lines 5348--5349

 []


Underfull \hbox (badness 10000) in paragraph at lines 5353--5354

 []


Underfull \hbox (badness 10000) in paragraph at lines 5357--5358

 []


Underfull \hbox (badness 10000) in paragraph at lines 5361--5362

 []


Underfull \hbox (badness 10000) in paragraph at lines 5370--5371

 []


Underfull \hbox (badness 10000) in paragraph at lines 5375--5376

 []

[149]
Underfull \hbox (badness 10000) in paragraph at lines 5379--5380

 []


Underfull \hbox (badness 10000) in paragraph at lines 5385--5386

 []


Underfull \hbox (badness 10000) in paragraph at lines 5392--5393

 []


Underfull \hbox (badness 10000) in paragraph at lines 5397--5398

 []


Underfull \hbox (badness 10000) in paragraph at lines 5401--5402

 []


Underfull \hbox (badness 10000) in paragraph at lines 5405--5406

 []


Underfull \hbox (badness 10000) in paragraph at lines 5412--5413

 []


Underfull \hbox (badness 10000) in paragraph at lines 5417--5418

 []

[150]
Underfull \hbox (badness 10000) in paragraph at lines 5421--5422

 []


Underfull \hbox (badness 10000) in paragraph at lines 5425--5426

 []

File: images4/venn_TEO_7.jpg Graphic file (type bmp)
<images4/venn_TEO_7.jpg>

Underfull \hbox (badness 10000) in paragraph at lines 5435--5436

 []

Missing character: There is no ∩ (U+2229) in font [lmroman10-regular]:mapping=tex-text;!

Underfull \hbox (badness 10000) in paragraph at lines 5440--5442

 []

Missing character: There is no ∩ (U+2229) in font [lmroman10-regular]:mapping=tex-text;!

Underfull \hbox (badness 10000) in paragraph at lines 5442--5444

 []

Missing character: There is no ∩ (U+2229) in font [lmroman10-regular]:mapping=tex-text;!

Underfull \hbox (badness 10000) in paragraph at lines 5447--5448

 []


Underfull \hbox (badness 10000) in paragraph at lines 5455--5456

 []


Underfull \hbox (badness 10000) in paragraph at lines 5460--5461

 []

[151]
Underfull \hbox (badness 10000) in paragraph at lines 5464--5465

 []


Underfull \hbox (badness 10000) in paragraph at lines 5473--5474

 []


Underfull \hbox (badness 10000) in paragraph at lines 5477--5478

 []


Underfull \hbox (badness 10000) in paragraph at lines 5485--5486

 []


Underfull \hbox (badness 10000) in paragraph at lines 5489--5490

 []


Underfull \hbox (badness 10000) in paragraph at lines 5497--5498

 []

[152] [153] [154

]
Chapter 5.
[155] [156

]
Chapter 6.
[157]
Overfull \hbox (36.29453pt too wide) has occurred while \output is active
\TU/lmr/m/n/10 158 \TU/lmr/m/sl/10 CHAPTER 6.  - INTRODUÇÃO A MODELOS TEÓRICOS DE PROBABILIDADE
 []

[158

]
Chapter 7.
[159] [160

]
Chapter 8.
[161] [162

]
Chapter 9.
[163]
Overfull \hbox (313.67798pt too wide) has occurred while \output is active
\TU/lmr/m/n/10 164 \TU/lmr/m/sl/10 CHAPTER 9.  - INTRODUÇÃO À DISTRIBUIÇÃO DAS MÉDIAS AMOSTRAIS, SUAS DIFERENÇAS E SEUS INTERVALOS DE CONFIANÇA
 []

[164

]
Chapter 10.
[165]
Overfull \hbox (349.09798pt too wide) has occurred while \output is active
\TU/lmr/m/n/10 166 \TU/lmr/m/sl/10 CHAPTER 10.  - INTRODUÇÃO À DISTRIBUIÇÃO DAS PROPORÇÕES AMOSTRAIS, SUAS DIFERENÇAS E SEUS INTERVALOS DE CONFIANÇA
 []

[166

]
Chapter 11.
[167] [168

]
Chapter 12.
[169]
Overfull \hbox (104.03233pt too wide) has occurred while \output is active
\TU/lmr/m/n/10 170 \TU/lmr/m/sl/10 CHAPTER 12.  - INTRODUÇÃO AO MODELO CLÁSSICO DE REGRESSÃO LINEAR SIMPLES
 []

[170

]
Chapter 13.
[171]
Overfull \hbox (143.65341pt too wide) has occurred while \output is active
\TU/lmr/m/n/10 172 \TU/lmr/m/sl/10 CHAPTER 13.  - INTRODUÇÃO À ANÁLISE MULTIVARIADA: DISCRIMINANTE LINEAR DE FISHER
 []

[172

]
Chapter 14.
No file _main.bbl.
[173] (./_main.aux)

LaTeX Warning: There were multiply-defined labels.

Package rerunfilecheck Info: File `_main.out' has not changed.
(rerunfilecheck)             Checksum: AF9791869BAB9F141DF640B6DAA8EEA0;11849.
 ) 
Here is how much of TeX's memory you used:
 21144 strings out of 478775
 400389 string characters out of 5850649
 1877991 words of memory out of 5000000
 40754 multiletter control sequences out of 15000+600000
 519869 words of font info for 100 fonts, out of 8000000 for 9000
 14 hyphenation exceptions out of 8191
 86i,14n,121p,642b,563s stack positions out of 10000i,1000n,20000p,200000b,200000s

Output written on _main.pdf (172 pages).
